2021-06-11 13:19:07,104:INFO:PyCaret Supervised Module
2021-06-11 13:19:07,104:INFO:ML Usecase: classification
2021-06-11 13:19:07,104:INFO:version 2.3.0
2021-06-11 13:19:07,105:INFO:Initializing setup()
2021-06-11 13:19:07,105:INFO:setup(target=default, ml_usecase=classification, available_plots={'parameter': 'Hyperparameters', 'auc': 'AUC', 'confusion_matrix': 'Confusion Matrix', 'threshold': 'Threshold', 'pr': 'Precision Recall', 'error': 'Prediction Error', 'class_report': 'Class Report', 'rfe': 'Feature Selection', 'learning': 'Learning Curve', 'manifold': 'Manifold Learning', 'calibration': 'Calibration Curve', 'vc': 'Validation Curve', 'dimension': 'Dimensions', 'feature': 'Feature Importance', 'feature_all': 'Feature Importance (All)', 'boundary': 'Decision Boundary', 'lift': 'Lift Chart', 'gain': 'Gain Chart', 'tree': 'Decision Tree'}, train_size=0.7, test_data=None, preprocess=True, imputation_type=simple, iterative_imputation_iters=5, categorical_features=None, categorical_imputation=constant, categorical_iterative_imputer=lightgbm, ordinal_features=None, high_cardinality_features=None, high_cardinality_method=frequency, numeric_features=None, numeric_imputation=mean, numeric_iterative_imputer=lightgbm, date_features=None, ignore_features=None, normalize=False, normalize_method=zscore, transformation=False, transformation_method=yeo-johnson, handle_unknown_categorical=True, unknown_categorical_method=least_frequent, pca=False, pca_method=linear, pca_components=None, ignore_low_variance=False, combine_rare_levels=False, rare_level_threshold=0.1, bin_numeric_features=None, remove_outliers=False, outliers_threshold=0.05, remove_multicollinearity=False, multicollinearity_threshold=0.9, remove_perfect_collinearity=True, create_clusters=False, cluster_iter=20, polynomial_features=False, polynomial_degree=2, trigonometry_features=False, polynomial_threshold=0.1, group_features=None, group_names=None, feature_selection=False, feature_selection_threshold=0.8, feature_selection_method=classic, feature_interaction=False, feature_ratio=False, interaction_threshold=0.01, fix_imbalance=False, fix_imbalance_method=None, transform_target=False, transform_target_method=box-cox, data_split_shuffle=True, data_split_stratify=False, fold_strategy=stratifiedkfold, fold=10, fold_shuffle=False, fold_groups=None, n_jobs=-1, use_gpu=False, custom_pipeline=None, html=True, session_id=123, log_experiment=False, experiment_name=None, log_plots=False, log_profile=False, log_data=False, silent=False, verbose=True, profile=False, profile_kwargs=None, display=None)
2021-06-11 13:19:07,105:INFO:Checking environment
2021-06-11 13:19:07,105:INFO:python_version: 3.8.5
2021-06-11 13:19:07,105:INFO:python_build: ('default', 'Jan 27 2021 15:41:15')
2021-06-11 13:19:07,105:INFO:machine: x86_64
2021-06-11 13:19:07,123:INFO:platform: Linux-5.4.0-1042-gcp-x86_64-with-glibc2.29
2021-06-11 13:19:07,123:INFO:Memory: svmem(total=33677025280, available=27835170816, percent=17.3, used=3642912768, free=8262144000, active=5789802496, inactive=15451238400, buffers=415150080, cached=21356818432, shared=2764800, slab=2840047616)
2021-06-11 13:19:07,124:INFO:Physical Core: 2
2021-06-11 13:19:07,124:INFO:Logical Core: 4
2021-06-11 13:19:07,124:INFO:Checking libraries
2021-06-11 13:19:07,124:INFO:pd==1.2.4
2021-06-11 13:19:07,124:INFO:numpy==1.19.5
2021-06-11 13:19:07,124:INFO:sklearn==0.24.2
2021-06-11 13:19:07,124:INFO:lightgbm==3.0.0
2021-06-11 13:19:07,319:INFO:catboost==0.24.2
2021-06-11 13:19:07,564:INFO:xgboost==1.1.1
2021-06-11 13:19:10,190:INFO:mlflow==1.11.0
2021-06-11 13:19:10,190:INFO:Checking Exceptions
2021-06-11 13:19:10,190:INFO:Declaring global variables
2021-06-11 13:19:10,190:INFO:USI: 452c
2021-06-11 13:19:10,191:INFO:pycaret_globals: {'display_container', 'iterative_imputation_iters_param', 'X_test', 'pycaret_globals', 'seed', '_available_plots', 'transform_target_method_param', 'USI', 'transform_target_param', '_internal_pipeline', 'master_model_container', 'fold_shuffle_param', 'gpu_param', '_all_models_internal', 'target_param', '_ml_usecase', 'imputation_regressor', 'fix_imbalance_param', 'y_train', 'y_test', 'X', 'fold_param', 'create_model_container', 'log_plots_param', 'data_before_preprocess', 'logging_param', 'exp_name_log', '_all_models', 'n_jobs_param', 'stratify_param', 'experiment__', '_gpu_n_jobs_param', 'fold_groups_param', 'html_param', 'prep_pipe', 'y', '_all_metrics', 'X_train', 'fix_imbalance_method_param', 'imputation_classifier', 'fold_generator'}
2021-06-11 13:19:10,191:INFO:Preparing display monitor
2021-06-11 13:19:10,191:INFO:Preparing display monitor
2021-06-11 13:19:10,211:INFO:Importing libraries
2021-06-11 13:19:10,211:INFO:Copying data for preprocessing
2021-06-11 13:19:10,228:INFO:Declaring preprocessing parameters
2021-06-11 13:19:10,237:INFO:Creating preprocessing pipeline
2021-06-11 13:19:10,303:INFO:Preprocessing pipeline created successfully
2021-06-11 13:19:10,303:ERROR:(Process Exit): setup has been interupted with user command 'quit'. setup must rerun.
2021-06-11 13:19:10,304:INFO:Creating global containers
2021-06-11 13:19:10,307:INFO:Internal pipeline: Pipeline(memory=None, steps=[('empty_step', 'passthrough')], verbose=False)
2021-06-11 13:19:22,279:INFO:Creating grid variables
2021-06-11 13:19:22,300:INFO:create_model_container: 0
2021-06-11 13:19:22,300:INFO:master_model_container: 0
2021-06-11 13:19:22,301:INFO:display_container: 1
2021-06-11 13:23:54,124:INFO:PyCaret Supervised Module
2021-06-11 13:23:54,124:INFO:ML Usecase: classification
2021-06-11 13:23:54,124:INFO:version 2.3.0
2021-06-11 13:23:54,124:INFO:Initializing setup()
2021-06-11 13:23:54,125:INFO:setup(target=default, ml_usecase=classification, available_plots={'parameter': 'Hyperparameters', 'auc': 'AUC', 'confusion_matrix': 'Confusion Matrix', 'threshold': 'Threshold', 'pr': 'Precision Recall', 'error': 'Prediction Error', 'class_report': 'Class Report', 'rfe': 'Feature Selection', 'learning': 'Learning Curve', 'manifold': 'Manifold Learning', 'calibration': 'Calibration Curve', 'vc': 'Validation Curve', 'dimension': 'Dimensions', 'feature': 'Feature Importance', 'feature_all': 'Feature Importance (All)', 'boundary': 'Decision Boundary', 'lift': 'Lift Chart', 'gain': 'Gain Chart', 'tree': 'Decision Tree'}, train_size=0.7, test_data=None, preprocess=True, imputation_type=iterative, iterative_imputation_iters=5, categorical_features=None, categorical_imputation=constant, categorical_iterative_imputer=lightgbm, ordinal_features=None, high_cardinality_features=None, high_cardinality_method=frequency, numeric_features=None, numeric_imputation=mean, numeric_iterative_imputer=lightgbm, date_features=None, ignore_features=None, normalize=False, normalize_method=zscore, transformation=False, transformation_method=yeo-johnson, handle_unknown_categorical=True, unknown_categorical_method=least_frequent, pca=False, pca_method=linear, pca_components=None, ignore_low_variance=False, combine_rare_levels=False, rare_level_threshold=0.1, bin_numeric_features=None, remove_outliers=False, outliers_threshold=0.05, remove_multicollinearity=False, multicollinearity_threshold=0.9, remove_perfect_collinearity=True, create_clusters=False, cluster_iter=20, polynomial_features=False, polynomial_degree=2, trigonometry_features=False, polynomial_threshold=0.1, group_features=None, group_names=None, feature_selection=False, feature_selection_threshold=0.8, feature_selection_method=classic, feature_interaction=False, feature_ratio=False, interaction_threshold=0.01, fix_imbalance=False, fix_imbalance_method=None, transform_target=False, transform_target_method=box-cox, data_split_shuffle=True, data_split_stratify=False, fold_strategy=stratifiedkfold, fold=10, fold_shuffle=False, fold_groups=None, n_jobs=-1, use_gpu=False, custom_pipeline=None, html=True, session_id=123, log_experiment=False, experiment_name=None, log_plots=False, log_profile=False, log_data=False, silent=False, verbose=True, profile=False, profile_kwargs=None, display=None)
2021-06-11 13:23:54,125:INFO:Checking environment
2021-06-11 13:23:54,125:INFO:python_version: 3.8.5
2021-06-11 13:23:54,125:INFO:python_build: ('default', 'Jan 27 2021 15:41:15')
2021-06-11 13:23:54,125:INFO:machine: x86_64
2021-06-11 13:23:54,125:INFO:platform: Linux-5.4.0-1042-gcp-x86_64-with-glibc2.29
2021-06-11 13:23:54,125:INFO:Memory: svmem(total=33677025280, available=27736219648, percent=17.6, used=3741868032, free=8084344832, active=5888262144, inactive=15522627584, buffers=415162368, cached=21435650048, shared=2756608, slab=2847793152)
2021-06-11 13:23:54,126:INFO:Physical Core: 2
2021-06-11 13:23:54,126:INFO:Logical Core: 4
2021-06-11 13:23:54,126:INFO:Checking libraries
2021-06-11 13:23:54,126:INFO:pd==1.2.4
2021-06-11 13:23:54,126:INFO:numpy==1.19.5
2021-06-11 13:23:54,126:INFO:sklearn==0.24.2
2021-06-11 13:23:54,126:INFO:lightgbm==3.0.0
2021-06-11 13:23:54,126:INFO:catboost==0.24.2
2021-06-11 13:23:54,126:INFO:xgboost==1.1.1
2021-06-11 13:23:54,126:INFO:mlflow==1.11.0
2021-06-11 13:23:54,126:INFO:Checking Exceptions
2021-06-11 13:23:54,127:INFO:Declaring global variables
2021-06-11 13:23:54,127:INFO:USI: f016
2021-06-11 13:23:54,127:INFO:pycaret_globals: {'display_container', 'iterative_imputation_iters_param', 'X_test', 'pycaret_globals', 'seed', '_available_plots', 'transform_target_method_param', 'USI', 'transform_target_param', '_internal_pipeline', 'master_model_container', 'fold_shuffle_param', 'gpu_param', '_all_models_internal', 'target_param', '_ml_usecase', 'imputation_regressor', 'fix_imbalance_param', 'y_train', 'y_test', 'X', 'fold_param', 'create_model_container', 'log_plots_param', 'data_before_preprocess', 'logging_param', 'exp_name_log', '_all_models', 'n_jobs_param', 'stratify_param', 'experiment__', '_gpu_n_jobs_param', 'fold_groups_param', 'html_param', 'prep_pipe', 'y', '_all_metrics', 'X_train', 'fix_imbalance_method_param', 'imputation_classifier', 'fold_generator'}
2021-06-11 13:23:54,127:INFO:Preparing display monitor
2021-06-11 13:23:54,127:INFO:Preparing display monitor
2021-06-11 13:23:54,140:INFO:Importing libraries
2021-06-11 13:23:54,140:INFO:Copying data for preprocessing
2021-06-11 13:23:54,149:INFO:Declaring preprocessing parameters
2021-06-11 13:23:54,151:INFO:Setting up iterative imputation
2021-06-11 13:23:54,334:INFO:Creating preprocessing pipeline
2021-06-11 13:23:54,395:INFO:Preprocessing pipeline created successfully
2021-06-11 13:23:54,396:ERROR:(Process Exit): setup has been interupted with user command 'quit'. setup must rerun.
2021-06-11 13:23:54,396:INFO:Creating global containers
2021-06-11 13:23:54,396:INFO:Internal pipeline: Pipeline(memory=None, steps=[('empty_step', 'passthrough')], verbose=False)
2021-06-11 13:24:02,360:INFO:Creating grid variables
2021-06-11 13:24:02,380:INFO:create_model_container: 0
2021-06-11 13:24:02,380:INFO:master_model_container: 0
2021-06-11 13:24:02,380:INFO:display_container: 1
2021-06-13 11:38:22,807:INFO:PyCaret Supervised Module
2021-06-13 11:38:22,809:INFO:ML Usecase: regression
2021-06-13 11:38:22,809:INFO:version 2.3.0
2021-06-13 11:38:22,809:INFO:Initializing setup()
2021-06-13 11:38:22,809:INFO:setup(target=Price, ml_usecase=regression, available_plots={'parameter': 'Hyperparameters', 'residuals': 'Residuals', 'error': 'Prediction Error', 'cooks': 'Cooks Distance', 'rfe': 'Feature Selection', 'learning': 'Learning Curve', 'manifold': 'Manifold Learning', 'vc': 'Validation Curve', 'feature': 'Feature Importance', 'feature_all': 'Feature Importance (All)', 'tree': 'Decision Tree', 'residuals_interactive': 'Interactive Residuals'}, train_size=0.7, test_data=None, preprocess=True, imputation_type=simple, iterative_imputation_iters=5, categorical_features=None, categorical_imputation=constant, categorical_iterative_imputer=lightgbm, ordinal_features=None, high_cardinality_features=None, high_cardinality_method=frequency, numeric_features=None, numeric_imputation=mean, numeric_iterative_imputer=lightgbm, date_features=None, ignore_features=None, normalize=False, normalize_method=zscore, transformation=False, transformation_method=yeo-johnson, handle_unknown_categorical=True, unknown_categorical_method=least_frequent, pca=False, pca_method=linear, pca_components=None, ignore_low_variance=False, combine_rare_levels=False, rare_level_threshold=0.1, bin_numeric_features=None, remove_outliers=False, outliers_threshold=0.05, remove_multicollinearity=False, multicollinearity_threshold=0.9, remove_perfect_collinearity=True, create_clusters=False, cluster_iter=20, polynomial_features=False, polynomial_degree=2, trigonometry_features=False, polynomial_threshold=0.1, group_features=None, group_names=None, feature_selection=False, feature_selection_threshold=0.8, feature_selection_method=classic, feature_interaction=False, feature_ratio=False, interaction_threshold=0.01, fix_imbalance=False, fix_imbalance_method=None, transform_target=False, transform_target_method=box-cox, data_split_shuffle=True, data_split_stratify=False, fold_strategy=kfold, fold=10, fold_shuffle=False, fold_groups=None, n_jobs=-1, use_gpu=False, custom_pipeline=None, html=True, session_id=123, log_experiment=False, experiment_name=None, log_plots=False, log_profile=False, log_data=False, silent=False, verbose=True, profile=False, profile_kwargs=None, display=None)
2021-06-13 11:38:22,809:INFO:Checking environment
2021-06-13 11:38:22,809:INFO:python_version: 3.8.5
2021-06-13 11:38:22,809:INFO:python_build: ('default', 'Jan 27 2021 15:41:15')
2021-06-13 11:38:22,809:INFO:machine: x86_64
2021-06-13 11:38:22,825:INFO:platform: Linux-5.4.0-1042-gcp-x86_64-with-glibc2.29
2021-06-13 11:38:22,826:INFO:Memory: svmem(total=33677025280, available=28845703168, percent=14.3, used=2935767040, free=23417937920, active=4634210304, inactive=4163162112, buffers=181174272, cached=7142146048, shared=2285568, slab=952733696)
2021-06-13 11:38:22,826:INFO:Physical Core: 2
2021-06-13 11:38:22,827:INFO:Logical Core: 4
2021-06-13 11:38:22,827:INFO:Checking libraries
2021-06-13 11:38:22,827:INFO:pd==1.2.4
2021-06-13 11:38:22,827:INFO:numpy==1.20.3
2021-06-13 11:38:22,827:INFO:sklearn==0.23.2
2021-06-13 11:38:22,827:INFO:lightgbm==3.0.0
2021-06-13 11:38:23,029:INFO:catboost==0.24.2
2021-06-13 11:38:23,255:INFO:xgboost==1.1.1
2021-06-13 11:38:26,035:INFO:mlflow==1.11.0
2021-06-13 11:38:26,035:INFO:Checking Exceptions
2021-06-13 11:38:26,035:INFO:Declaring global variables
2021-06-13 11:38:26,036:INFO:USI: 3e1d
2021-06-13 11:38:26,036:INFO:pycaret_globals: {'_gpu_n_jobs_param', 'prep_pipe', 'data_before_preprocess', 'logging_param', 'display_container', 'fold_generator', 'target_param', 'transform_target_param', 'master_model_container', 'transform_target_method_param', 'y_test', 'exp_name_log', '_available_plots', 'fix_imbalance_method_param', 'fold_groups_param', 'y', '_all_models_internal', 'fold_shuffle_param', 'experiment__', 'USI', 'seed', 'n_jobs_param', 'pycaret_globals', 'stratify_param', '_internal_pipeline', 'create_model_container', '_all_models', 'iterative_imputation_iters_param', 'fix_imbalance_param', 'gpu_param', 'html_param', 'X_train', '_ml_usecase', 'log_plots_param', 'X_test', 'imputation_classifier', '_all_metrics', 'X', 'fold_param', 'y_train', 'imputation_regressor'}
2021-06-13 11:38:26,036:INFO:Preparing display monitor
2021-06-13 11:38:26,036:INFO:Preparing display monitor
2021-06-13 11:38:26,067:INFO:Importing libraries
2021-06-13 11:38:26,067:INFO:Copying data for preprocessing
2021-06-13 11:38:26,077:INFO:Declaring preprocessing parameters
2021-06-13 11:38:26,078:INFO:Creating preprocessing pipeline
2021-06-13 11:38:26,089:INFO:Preprocessing pipeline created successfully
2021-06-13 11:38:26,089:ERROR:(Process Exit): setup has been interupted with user command 'quit'. setup must rerun.
2021-06-13 11:38:26,090:INFO:Creating global containers
2021-06-13 11:38:26,106:INFO:Internal pipeline: Pipeline(memory=None, steps=[('empty_step', 'passthrough')], verbose=False)
2021-06-13 11:38:32,293:INFO:Creating grid variables
2021-06-13 11:38:32,318:INFO:create_model_container: 0
2021-06-13 11:38:32,318:INFO:master_model_container: 0
2021-06-13 11:38:32,318:INFO:display_container: 1
2021-06-13 11:38:32,322:INFO:Pipeline(memory=None,
         steps=[('dtypes',
                 DataTypes_Auto_infer(categorical_features=[],
                                      display_types=True, features_todrop=[],
                                      id_columns=[], ml_usecase='regression',
                                      numerical_features=[], target='Price',
                                      time_features=[])),
                ('imputer',
                 Simple_Imputer(categorical_strategy='not_available',
                                fill_value_categorical=None,
                                fill_value_numerical=None,
                                numeric_strategy='...
                ('scaling', 'passthrough'), ('P_transform', 'passthrough'),
                ('binn', 'passthrough'), ('rem_outliers', 'passthrough'),
                ('cluster_all', 'passthrough'),
                ('dummy', Dummify(target='Price')),
                ('fix_perfect', Remove_100(target='Price')),
                ('clean_names', Clean_Colum_Names()),
                ('feature_select', 'passthrough'), ('fix_multi', 'passthrough'),
                ('dfs', 'passthrough'), ('pca', 'passthrough')],
         verbose=False)
2021-06-13 11:38:32,322:INFO:setup() succesfully completed......................................
2021-06-13 11:38:53,286:INFO:Initializing compare_models()
2021-06-13 11:38:53,286:INFO:compare_models(include=None, fold=None, round=4, cross_validation=True, sort=R2, n_select=1, budget_time=None, turbo=True, errors=ignore, fit_kwargs=None, groups=None, verbose=True, display=None, exclude=['ransac'])
2021-06-13 11:38:53,287:INFO:Checking exceptions
2021-06-13 11:38:53,287:INFO:Preparing display monitor
2021-06-13 11:38:53,287:INFO:Preparing display monitor
2021-06-13 11:38:53,318:INFO:Initializing Linear Regression
2021-06-13 11:38:53,319:INFO:Total runtime is 3.6398569742838544e-06 minutes
2021-06-13 11:38:53,329:INFO:SubProcess create_model() called ==================================
2021-06-13 11:38:53,329:INFO:Initializing create_model()
2021-06-13 11:38:53,329:INFO:create_model(estimator=lr, fold=KFold(n_splits=10, random_state=None, shuffle=False), round=4, cross_validation=True, predict=True, fit_kwargs={}, groups=None, refit=False, verbose=False, system=False, metrics=None, display=<pycaret.internal.Display.Display object at 0x7f2f04be7610>, kwargs={})
2021-06-13 11:38:53,329:INFO:Checking exceptions
2021-06-13 11:38:53,330:INFO:Importing libraries
2021-06-13 11:38:53,330:INFO:Copying training dataset
2021-06-13 11:38:53,331:INFO:Defining folds
2021-06-13 11:38:53,331:INFO:Declaring metric variables
2021-06-13 11:38:53,340:INFO:Importing untrained model
2021-06-13 11:38:53,350:INFO:Linear Regression Imported succesfully
2021-06-13 11:38:53,429:INFO:Starting cross validation
2021-06-13 11:38:53,567:INFO:Cross validating with KFold(n_splits=10, random_state=None, shuffle=False), n_jobs=-1
2021-06-13 11:38:54,833:INFO:Calculating mean and std
2021-06-13 11:38:54,835:INFO:Creating metrics dataframe
2021-06-13 11:38:54,913:INFO:Uploading results into container
2021-06-13 11:38:54,913:INFO:Uploading model into container now
2021-06-13 11:38:54,913:INFO:create_model_container: 1
2021-06-13 11:38:54,913:INFO:master_model_container: 1
2021-06-13 11:38:54,913:INFO:display_container: 2
2021-06-13 11:38:54,913:INFO:LinearRegression(copy_X=True, fit_intercept=True, n_jobs=-1, normalize=False)
2021-06-13 11:38:54,914:INFO:create_model() succesfully completed......................................
2021-06-13 11:38:55,087:INFO:SubProcess create_model() end ==================================
2021-06-13 11:38:55,087:INFO:Creating metrics dataframe
2021-06-13 11:38:55,101:INFO:Initializing Lasso Regression
2021-06-13 11:38:55,101:INFO:Total runtime is 0.02970899740854899 minutes
2021-06-13 11:38:55,114:INFO:SubProcess create_model() called ==================================
2021-06-13 11:38:55,114:INFO:Initializing create_model()
2021-06-13 11:38:55,114:INFO:create_model(estimator=lasso, fold=KFold(n_splits=10, random_state=None, shuffle=False), round=4, cross_validation=True, predict=True, fit_kwargs={}, groups=None, refit=False, verbose=False, system=False, metrics=None, display=<pycaret.internal.Display.Display object at 0x7f2f04be7610>, kwargs={})
2021-06-13 11:38:55,115:INFO:Checking exceptions
2021-06-13 11:38:55,115:INFO:Importing libraries
2021-06-13 11:38:55,115:INFO:Copying training dataset
2021-06-13 11:38:55,116:INFO:Defining folds
2021-06-13 11:38:55,116:INFO:Declaring metric variables
2021-06-13 11:38:55,141:INFO:Importing untrained model
2021-06-13 11:38:55,151:INFO:Lasso Regression Imported succesfully
2021-06-13 11:38:55,233:INFO:Starting cross validation
2021-06-13 11:38:55,234:INFO:Cross validating with KFold(n_splits=10, random_state=None, shuffle=False), n_jobs=-1
2021-06-13 11:38:58,313:INFO:Calculating mean and std
2021-06-13 11:38:58,318:INFO:Creating metrics dataframe
2021-06-13 11:38:58,328:INFO:Uploading results into container
2021-06-13 11:38:58,328:INFO:Uploading model into container now
2021-06-13 11:38:58,329:INFO:create_model_container: 2
2021-06-13 11:38:58,329:INFO:master_model_container: 2
2021-06-13 11:38:58,329:INFO:display_container: 2
2021-06-13 11:38:58,330:INFO:Lasso(alpha=1.0, copy_X=True, fit_intercept=True, max_iter=1000,
      normalize=False, positive=False, precompute=False, random_state=123,
      selection='cyclic', tol=0.0001, warm_start=False)
2021-06-13 11:38:58,330:INFO:create_model() succesfully completed......................................
2021-06-13 11:38:58,539:INFO:SubProcess create_model() end ==================================
2021-06-13 11:38:58,539:INFO:Creating metrics dataframe
2021-06-13 11:38:58,562:INFO:Initializing Ridge Regression
2021-06-13 11:38:58,563:INFO:Total runtime is 0.08740124305089315 minutes
2021-06-13 11:38:58,572:INFO:SubProcess create_model() called ==================================
2021-06-13 11:38:58,573:INFO:Initializing create_model()
2021-06-13 11:38:58,573:INFO:create_model(estimator=ridge, fold=KFold(n_splits=10, random_state=None, shuffle=False), round=4, cross_validation=True, predict=True, fit_kwargs={}, groups=None, refit=False, verbose=False, system=False, metrics=None, display=<pycaret.internal.Display.Display object at 0x7f2f04be7610>, kwargs={})
2021-06-13 11:38:58,573:INFO:Checking exceptions
2021-06-13 11:38:58,573:INFO:Importing libraries
2021-06-13 11:38:58,573:INFO:Copying training dataset
2021-06-13 11:38:58,574:INFO:Defining folds
2021-06-13 11:38:58,574:INFO:Declaring metric variables
2021-06-13 11:38:58,611:INFO:Importing untrained model
2021-06-13 11:38:58,622:INFO:Ridge Regression Imported succesfully
2021-06-13 11:38:58,640:INFO:Starting cross validation
2021-06-13 11:38:58,640:INFO:Cross validating with KFold(n_splits=10, random_state=None, shuffle=False), n_jobs=-1
2021-06-13 11:38:59,214:INFO:Calculating mean and std
2021-06-13 11:38:59,215:INFO:Creating metrics dataframe
2021-06-13 11:38:59,226:INFO:Uploading results into container
2021-06-13 11:38:59,227:INFO:Uploading model into container now
2021-06-13 11:38:59,227:INFO:create_model_container: 3
2021-06-13 11:38:59,227:INFO:master_model_container: 3
2021-06-13 11:38:59,227:INFO:display_container: 2
2021-06-13 11:38:59,227:INFO:Ridge(alpha=1.0, copy_X=True, fit_intercept=True, max_iter=None,
      normalize=False, random_state=123, solver='auto', tol=0.001)
2021-06-13 11:38:59,227:INFO:create_model() succesfully completed......................................
2021-06-13 11:38:59,422:INFO:SubProcess create_model() end ==================================
2021-06-13 11:38:59,423:INFO:Creating metrics dataframe
2021-06-13 11:38:59,439:INFO:Initializing Elastic Net
2021-06-13 11:38:59,439:INFO:Total runtime is 0.10200830300649008 minutes
2021-06-13 11:38:59,447:INFO:SubProcess create_model() called ==================================
2021-06-13 11:38:59,448:INFO:Initializing create_model()
2021-06-13 11:38:59,448:INFO:create_model(estimator=en, fold=KFold(n_splits=10, random_state=None, shuffle=False), round=4, cross_validation=True, predict=True, fit_kwargs={}, groups=None, refit=False, verbose=False, system=False, metrics=None, display=<pycaret.internal.Display.Display object at 0x7f2f04be7610>, kwargs={})
2021-06-13 11:38:59,448:INFO:Checking exceptions
2021-06-13 11:38:59,448:INFO:Importing libraries
2021-06-13 11:38:59,448:INFO:Copying training dataset
2021-06-13 11:38:59,449:INFO:Defining folds
2021-06-13 11:38:59,449:INFO:Declaring metric variables
2021-06-13 11:38:59,461:INFO:Importing untrained model
2021-06-13 11:38:59,515:INFO:Elastic Net Imported succesfully
2021-06-13 11:38:59,534:INFO:Starting cross validation
2021-06-13 11:38:59,535:INFO:Cross validating with KFold(n_splits=10, random_state=None, shuffle=False), n_jobs=-1
2021-06-13 11:39:00,418:INFO:Calculating mean and std
2021-06-13 11:39:00,420:INFO:Creating metrics dataframe
2021-06-13 11:39:00,431:INFO:Uploading results into container
2021-06-13 11:39:00,431:INFO:Uploading model into container now
2021-06-13 11:39:00,431:INFO:create_model_container: 4
2021-06-13 11:39:00,431:INFO:master_model_container: 4
2021-06-13 11:39:00,431:INFO:display_container: 2
2021-06-13 11:39:00,432:INFO:ElasticNet(alpha=1.0, copy_X=True, fit_intercept=True, l1_ratio=0.5,
           max_iter=1000, normalize=False, positive=False, precompute=False,
           random_state=123, selection='cyclic', tol=0.0001, warm_start=False)
2021-06-13 11:39:00,432:INFO:create_model() succesfully completed......................................
2021-06-13 11:39:00,622:INFO:SubProcess create_model() end ==================================
2021-06-13 11:39:00,622:INFO:Creating metrics dataframe
2021-06-13 11:39:00,639:INFO:Initializing Least Angle Regression
2021-06-13 11:39:00,639:INFO:Total runtime is 0.12200768391291301 minutes
2021-06-13 11:39:00,647:INFO:SubProcess create_model() called ==================================
2021-06-13 11:39:00,648:INFO:Initializing create_model()
2021-06-13 11:39:00,648:INFO:create_model(estimator=lar, fold=KFold(n_splits=10, random_state=None, shuffle=False), round=4, cross_validation=True, predict=True, fit_kwargs={}, groups=None, refit=False, verbose=False, system=False, metrics=None, display=<pycaret.internal.Display.Display object at 0x7f2f04be7610>, kwargs={})
2021-06-13 11:39:00,648:INFO:Checking exceptions
2021-06-13 11:39:00,648:INFO:Importing libraries
2021-06-13 11:39:00,648:INFO:Copying training dataset
2021-06-13 11:39:00,649:INFO:Defining folds
2021-06-13 11:39:00,649:INFO:Declaring metric variables
2021-06-13 11:39:00,657:INFO:Importing untrained model
2021-06-13 11:39:00,668:INFO:Least Angle Regression Imported succesfully
2021-06-13 11:39:00,721:INFO:Starting cross validation
2021-06-13 11:39:00,721:INFO:Cross validating with KFold(n_splits=10, random_state=None, shuffle=False), n_jobs=-1
2021-06-13 11:39:01,612:INFO:Calculating mean and std
2021-06-13 11:39:01,617:INFO:Creating metrics dataframe
2021-06-13 11:39:01,626:INFO:Uploading results into container
2021-06-13 11:39:01,627:INFO:Uploading model into container now
2021-06-13 11:39:01,627:INFO:create_model_container: 5
2021-06-13 11:39:01,627:INFO:master_model_container: 5
2021-06-13 11:39:01,627:INFO:display_container: 2
2021-06-13 11:39:01,627:INFO:Lars(copy_X=True, eps=2.220446049250313e-16, fit_intercept=True, fit_path=True,
     jitter=None, n_nonzero_coefs=500, normalize=True, precompute='auto',
     random_state=123, verbose=False)
2021-06-13 11:39:01,628:INFO:create_model() succesfully completed......................................
2021-06-13 11:39:01,811:INFO:SubProcess create_model() end ==================================
2021-06-13 11:39:01,811:INFO:Creating metrics dataframe
2021-06-13 11:39:01,832:INFO:Initializing Lasso Least Angle Regression
2021-06-13 11:39:01,832:INFO:Total runtime is 0.141889488697052 minutes
2021-06-13 11:39:01,840:INFO:SubProcess create_model() called ==================================
2021-06-13 11:39:01,840:INFO:Initializing create_model()
2021-06-13 11:39:01,841:INFO:create_model(estimator=llar, fold=KFold(n_splits=10, random_state=None, shuffle=False), round=4, cross_validation=True, predict=True, fit_kwargs={}, groups=None, refit=False, verbose=False, system=False, metrics=None, display=<pycaret.internal.Display.Display object at 0x7f2f04be7610>, kwargs={})
2021-06-13 11:39:01,841:INFO:Checking exceptions
2021-06-13 11:39:01,841:INFO:Importing libraries
2021-06-13 11:39:01,841:INFO:Copying training dataset
2021-06-13 11:39:01,842:INFO:Defining folds
2021-06-13 11:39:01,842:INFO:Declaring metric variables
2021-06-13 11:39:01,850:INFO:Importing untrained model
2021-06-13 11:39:01,862:INFO:Lasso Least Angle Regression Imported succesfully
2021-06-13 11:39:01,926:INFO:Starting cross validation
2021-06-13 11:39:01,927:INFO:Cross validating with KFold(n_splits=10, random_state=None, shuffle=False), n_jobs=-1
2021-06-13 11:39:02,634:INFO:Calculating mean and std
2021-06-13 11:39:02,635:INFO:Creating metrics dataframe
2021-06-13 11:39:02,716:INFO:Uploading results into container
2021-06-13 11:39:02,716:INFO:Uploading model into container now
2021-06-13 11:39:02,716:INFO:create_model_container: 6
2021-06-13 11:39:02,716:INFO:master_model_container: 6
2021-06-13 11:39:02,716:INFO:display_container: 2
2021-06-13 11:39:02,717:INFO:LassoLars(alpha=1.0, copy_X=True, eps=2.220446049250313e-16, fit_intercept=True,
          fit_path=True, jitter=None, max_iter=500, normalize=True,
          positive=False, precompute='auto', random_state=123, verbose=False)
2021-06-13 11:39:02,717:INFO:create_model() succesfully completed......................................
2021-06-13 11:39:02,911:INFO:SubProcess create_model() end ==================================
2021-06-13 11:39:02,911:INFO:Creating metrics dataframe
2021-06-13 11:39:02,928:INFO:Initializing Orthogonal Matching Pursuit
2021-06-13 11:39:02,928:INFO:Total runtime is 0.16015714804331463 minutes
2021-06-13 11:39:02,936:INFO:SubProcess create_model() called ==================================
2021-06-13 11:39:02,937:INFO:Initializing create_model()
2021-06-13 11:39:02,937:INFO:create_model(estimator=omp, fold=KFold(n_splits=10, random_state=None, shuffle=False), round=4, cross_validation=True, predict=True, fit_kwargs={}, groups=None, refit=False, verbose=False, system=False, metrics=None, display=<pycaret.internal.Display.Display object at 0x7f2f04be7610>, kwargs={})
2021-06-13 11:39:02,937:INFO:Checking exceptions
2021-06-13 11:39:02,937:INFO:Importing libraries
2021-06-13 11:39:02,937:INFO:Copying training dataset
2021-06-13 11:39:02,938:INFO:Defining folds
2021-06-13 11:39:02,938:INFO:Declaring metric variables
2021-06-13 11:39:02,946:INFO:Importing untrained model
2021-06-13 11:39:02,952:INFO:Orthogonal Matching Pursuit Imported succesfully
2021-06-13 11:39:02,967:INFO:Starting cross validation
2021-06-13 11:39:02,968:INFO:Cross validating with KFold(n_splits=10, random_state=None, shuffle=False), n_jobs=-1
2021-06-13 11:39:03,431:INFO:Calculating mean and std
2021-06-13 11:39:03,510:INFO:Creating metrics dataframe
2021-06-13 11:39:03,521:INFO:Uploading results into container
2021-06-13 11:39:03,522:INFO:Uploading model into container now
2021-06-13 11:39:03,522:INFO:create_model_container: 7
2021-06-13 11:39:03,522:INFO:master_model_container: 7
2021-06-13 11:39:03,522:INFO:display_container: 2
2021-06-13 11:39:03,522:INFO:OrthogonalMatchingPursuit(fit_intercept=True, n_nonzero_coefs=None,
                          normalize=True, precompute='auto', tol=None)
2021-06-13 11:39:03,522:INFO:create_model() succesfully completed......................................
2021-06-13 11:39:03,682:INFO:SubProcess create_model() end ==================================
2021-06-13 11:39:03,682:INFO:Creating metrics dataframe
2021-06-13 11:39:03,699:INFO:Initializing Bayesian Ridge
2021-06-13 11:39:03,699:INFO:Total runtime is 0.17300538619359335 minutes
2021-06-13 11:39:03,711:INFO:SubProcess create_model() called ==================================
2021-06-13 11:39:03,711:INFO:Initializing create_model()
2021-06-13 11:39:03,711:INFO:create_model(estimator=br, fold=KFold(n_splits=10, random_state=None, shuffle=False), round=4, cross_validation=True, predict=True, fit_kwargs={}, groups=None, refit=False, verbose=False, system=False, metrics=None, display=<pycaret.internal.Display.Display object at 0x7f2f04be7610>, kwargs={})
2021-06-13 11:39:03,711:INFO:Checking exceptions
2021-06-13 11:39:03,711:INFO:Importing libraries
2021-06-13 11:39:03,711:INFO:Copying training dataset
2021-06-13 11:39:03,712:INFO:Defining folds
2021-06-13 11:39:03,712:INFO:Declaring metric variables
2021-06-13 11:39:03,720:INFO:Importing untrained model
2021-06-13 11:39:03,727:INFO:Bayesian Ridge Imported succesfully
2021-06-13 11:39:03,743:INFO:Starting cross validation
2021-06-13 11:39:03,743:INFO:Cross validating with KFold(n_splits=10, random_state=None, shuffle=False), n_jobs=-1
2021-06-13 11:39:05,320:INFO:Calculating mean and std
2021-06-13 11:39:05,326:INFO:Creating metrics dataframe
2021-06-13 11:39:05,332:INFO:Uploading results into container
2021-06-13 11:39:05,332:INFO:Uploading model into container now
2021-06-13 11:39:05,333:INFO:create_model_container: 8
2021-06-13 11:39:05,333:INFO:master_model_container: 8
2021-06-13 11:39:05,333:INFO:display_container: 2
2021-06-13 11:39:05,333:INFO:BayesianRidge(alpha_1=1e-06, alpha_2=1e-06, alpha_init=None,
              compute_score=False, copy_X=True, fit_intercept=True,
              lambda_1=1e-06, lambda_2=1e-06, lambda_init=None, n_iter=300,
              normalize=False, tol=0.001, verbose=False)
2021-06-13 11:39:05,333:INFO:create_model() succesfully completed......................................
2021-06-13 11:39:05,535:INFO:SubProcess create_model() end ==================================
2021-06-13 11:39:05,535:INFO:Creating metrics dataframe
2021-06-13 11:39:05,552:INFO:Initializing Passive Aggressive Regressor
2021-06-13 11:39:05,552:INFO:Total runtime is 0.2038966218630473 minutes
2021-06-13 11:39:05,561:INFO:SubProcess create_model() called ==================================
2021-06-13 11:39:05,561:INFO:Initializing create_model()
2021-06-13 11:39:05,561:INFO:create_model(estimator=par, fold=KFold(n_splits=10, random_state=None, shuffle=False), round=4, cross_validation=True, predict=True, fit_kwargs={}, groups=None, refit=False, verbose=False, system=False, metrics=None, display=<pycaret.internal.Display.Display object at 0x7f2f04be7610>, kwargs={})
2021-06-13 11:39:05,561:INFO:Checking exceptions
2021-06-13 11:39:05,561:INFO:Importing libraries
2021-06-13 11:39:05,561:INFO:Copying training dataset
2021-06-13 11:39:05,562:INFO:Defining folds
2021-06-13 11:39:05,562:INFO:Declaring metric variables
2021-06-13 11:39:05,569:INFO:Importing untrained model
2021-06-13 11:39:05,576:INFO:Passive Aggressive Regressor Imported succesfully
2021-06-13 11:39:05,608:INFO:Starting cross validation
2021-06-13 11:39:05,609:INFO:Cross validating with KFold(n_splits=10, random_state=None, shuffle=False), n_jobs=-1
2021-06-13 11:39:07,134:INFO:Calculating mean and std
2021-06-13 11:39:07,136:INFO:Creating metrics dataframe
2021-06-13 11:39:07,143:INFO:Uploading results into container
2021-06-13 11:39:07,143:INFO:Uploading model into container now
2021-06-13 11:39:07,143:INFO:create_model_container: 9
2021-06-13 11:39:07,143:INFO:master_model_container: 9
2021-06-13 11:39:07,143:INFO:display_container: 2
2021-06-13 11:39:07,209:INFO:PassiveAggressiveRegressor(C=1.0, average=False, early_stopping=False,
                           epsilon=0.1, fit_intercept=True,
                           loss='epsilon_insensitive', max_iter=1000,
                           n_iter_no_change=5, random_state=123, shuffle=True,
                           tol=0.001, validation_fraction=0.1, verbose=0,
                           warm_start=False)
2021-06-13 11:39:07,209:INFO:create_model() succesfully completed......................................
2021-06-13 11:39:07,375:INFO:SubProcess create_model() end ==================================
2021-06-13 11:39:07,375:INFO:Creating metrics dataframe
2021-06-13 11:39:07,393:INFO:Initializing Huber Regressor
2021-06-13 11:39:07,394:INFO:Total runtime is 0.23458462556203208 minutes
2021-06-13 11:39:07,410:INFO:SubProcess create_model() called ==================================
2021-06-13 11:39:07,411:INFO:Initializing create_model()
2021-06-13 11:39:07,411:INFO:create_model(estimator=huber, fold=KFold(n_splits=10, random_state=None, shuffle=False), round=4, cross_validation=True, predict=True, fit_kwargs={}, groups=None, refit=False, verbose=False, system=False, metrics=None, display=<pycaret.internal.Display.Display object at 0x7f2f04be7610>, kwargs={})
2021-06-13 11:39:07,411:INFO:Checking exceptions
2021-06-13 11:39:07,411:INFO:Importing libraries
2021-06-13 11:39:07,411:INFO:Copying training dataset
2021-06-13 11:39:07,412:INFO:Defining folds
2021-06-13 11:39:07,412:INFO:Declaring metric variables
2021-06-13 11:39:07,419:INFO:Importing untrained model
2021-06-13 11:39:07,427:INFO:Huber Regressor Imported succesfully
2021-06-13 11:39:07,441:INFO:Starting cross validation
2021-06-13 11:39:07,442:INFO:Cross validating with KFold(n_splits=10, random_state=None, shuffle=False), n_jobs=-1
2021-06-13 11:39:17,927:INFO:Calculating mean and std
2021-06-13 11:39:17,929:INFO:Creating metrics dataframe
2021-06-13 11:39:17,935:INFO:Uploading results into container
2021-06-13 11:39:17,936:INFO:Uploading model into container now
2021-06-13 11:39:17,936:INFO:create_model_container: 10
2021-06-13 11:39:17,936:INFO:master_model_container: 10
2021-06-13 11:39:17,936:INFO:display_container: 2
2021-06-13 11:39:17,936:INFO:HuberRegressor(alpha=0.0001, epsilon=1.35, fit_intercept=True, max_iter=100,
               tol=1e-05, warm_start=False)
2021-06-13 11:39:17,936:INFO:create_model() succesfully completed......................................
2021-06-13 11:39:18,170:WARNING:create_model() for HuberRegressor(alpha=0.0001, epsilon=1.35, fit_intercept=True, max_iter=100,
               tol=1e-05, warm_start=False) raised an exception or returned all 0.0, trying without fit_kwargs:
2021-06-13 11:39:18,184:WARNING:Traceback (most recent call last):
  File "/usr/local/lib/python3.8/dist-packages/pycaret/internal/tabular.py", line 2176, in compare_models
    assert np.sum(model_results.iloc[0]) != 0.0
AssertionError

2021-06-13 11:39:18,185:INFO:Initializing create_model()
2021-06-13 11:39:18,185:INFO:create_model(estimator=HuberRegressor(alpha=0.0001, epsilon=1.35, fit_intercept=True, max_iter=100,
               tol=1e-05, warm_start=False), fold=KFold(n_splits=10, random_state=None, shuffle=False), round=4, cross_validation=True, predict=True, fit_kwargs=None, groups=None, refit=False, verbose=False, system=False, metrics=None, display=<pycaret.internal.Display.Display object at 0x7f2f04be7610>, kwargs={})
2021-06-13 11:39:18,185:INFO:Checking exceptions
2021-06-13 11:39:18,185:INFO:Importing libraries
2021-06-13 11:39:18,185:INFO:Copying training dataset
2021-06-13 11:39:18,187:INFO:Defining folds
2021-06-13 11:39:18,187:INFO:Declaring metric variables
2021-06-13 11:39:18,198:INFO:Importing untrained model
2021-06-13 11:39:18,198:INFO:Declaring custom model
2021-06-13 11:39:18,207:INFO:Huber Regressor Imported succesfully
2021-06-13 11:39:18,229:INFO:Starting cross validation
2021-06-13 11:39:18,229:INFO:Cross validating with KFold(n_splits=10, random_state=None, shuffle=False), n_jobs=-1
2021-06-13 11:39:27,912:INFO:Calculating mean and std
2021-06-13 11:39:27,914:INFO:Creating metrics dataframe
2021-06-13 11:39:27,922:INFO:Uploading results into container
2021-06-13 11:39:27,922:INFO:Uploading model into container now
2021-06-13 11:39:27,922:INFO:create_model_container: 11
2021-06-13 11:39:27,922:INFO:master_model_container: 11
2021-06-13 11:39:27,922:INFO:display_container: 2
2021-06-13 11:39:27,923:INFO:HuberRegressor(alpha=0.0001, epsilon=1.35, fit_intercept=True, max_iter=100,
               tol=1e-05, warm_start=False)
2021-06-13 11:39:27,923:INFO:create_model() succesfully completed......................................
2021-06-13 11:39:28,113:INFO:SubProcess create_model() end ==================================
2021-06-13 11:39:28,113:INFO:Creating metrics dataframe
2021-06-13 11:39:28,131:INFO:Initializing K Neighbors Regressor
2021-06-13 11:39:28,131:INFO:Total runtime is 0.5802125334739685 minutes
2021-06-13 11:39:28,139:INFO:SubProcess create_model() called ==================================
2021-06-13 11:39:28,139:INFO:Initializing create_model()
2021-06-13 11:39:28,139:INFO:create_model(estimator=knn, fold=KFold(n_splits=10, random_state=None, shuffle=False), round=4, cross_validation=True, predict=True, fit_kwargs={}, groups=None, refit=False, verbose=False, system=False, metrics=None, display=<pycaret.internal.Display.Display object at 0x7f2f04be7610>, kwargs={})
2021-06-13 11:39:28,139:INFO:Checking exceptions
2021-06-13 11:39:28,139:INFO:Importing libraries
2021-06-13 11:39:28,139:INFO:Copying training dataset
2021-06-13 11:39:28,140:INFO:Defining folds
2021-06-13 11:39:28,140:INFO:Declaring metric variables
2021-06-13 11:39:28,149:INFO:Importing untrained model
2021-06-13 11:39:28,155:INFO:K Neighbors Regressor Imported succesfully
2021-06-13 11:39:28,169:INFO:Starting cross validation
2021-06-13 11:39:28,169:INFO:Cross validating with KFold(n_splits=10, random_state=None, shuffle=False), n_jobs=-1
2021-06-13 11:39:28,693:INFO:Calculating mean and std
2021-06-13 11:39:28,694:INFO:Creating metrics dataframe
2021-06-13 11:39:28,698:INFO:Uploading results into container
2021-06-13 11:39:28,698:INFO:Uploading model into container now
2021-06-13 11:39:28,698:INFO:create_model_container: 12
2021-06-13 11:39:28,698:INFO:master_model_container: 12
2021-06-13 11:39:28,699:INFO:display_container: 2
2021-06-13 11:39:28,699:INFO:KNeighborsRegressor(algorithm='auto', leaf_size=30, metric='minkowski',
                    metric_params=None, n_jobs=-1, n_neighbors=5, p=2,
                    weights='uniform')
2021-06-13 11:39:28,699:INFO:create_model() succesfully completed......................................
2021-06-13 11:39:28,824:INFO:SubProcess create_model() end ==================================
2021-06-13 11:39:28,824:INFO:Creating metrics dataframe
2021-06-13 11:39:28,846:INFO:Initializing Decision Tree Regressor
2021-06-13 11:39:28,846:INFO:Total runtime is 0.5921284874280294 minutes
2021-06-13 11:39:28,856:INFO:SubProcess create_model() called ==================================
2021-06-13 11:39:28,856:INFO:Initializing create_model()
2021-06-13 11:39:28,856:INFO:create_model(estimator=dt, fold=KFold(n_splits=10, random_state=None, shuffle=False), round=4, cross_validation=True, predict=True, fit_kwargs={}, groups=None, refit=False, verbose=False, system=False, metrics=None, display=<pycaret.internal.Display.Display object at 0x7f2f04be7610>, kwargs={})
2021-06-13 11:39:28,856:INFO:Checking exceptions
2021-06-13 11:39:28,856:INFO:Importing libraries
2021-06-13 11:39:28,857:INFO:Copying training dataset
2021-06-13 11:39:28,857:INFO:Defining folds
2021-06-13 11:39:28,858:INFO:Declaring metric variables
2021-06-13 11:39:28,865:INFO:Importing untrained model
2021-06-13 11:39:28,872:INFO:Decision Tree Regressor Imported succesfully
2021-06-13 11:39:28,916:INFO:Starting cross validation
2021-06-13 11:39:28,917:INFO:Cross validating with KFold(n_splits=10, random_state=None, shuffle=False), n_jobs=-1
2021-06-13 11:39:29,194:INFO:Calculating mean and std
2021-06-13 11:39:29,195:INFO:Creating metrics dataframe
2021-06-13 11:39:29,200:INFO:Uploading results into container
2021-06-13 11:39:29,200:INFO:Uploading model into container now
2021-06-13 11:39:29,200:INFO:create_model_container: 13
2021-06-13 11:39:29,200:INFO:master_model_container: 13
2021-06-13 11:39:29,200:INFO:display_container: 2
2021-06-13 11:39:29,201:INFO:DecisionTreeRegressor(ccp_alpha=0.0, criterion='mse', max_depth=None,
                      max_features=None, max_leaf_nodes=None,
                      min_impurity_decrease=0.0, min_impurity_split=None,
                      min_samples_leaf=1, min_samples_split=2,
                      min_weight_fraction_leaf=0.0, presort='deprecated',
                      random_state=123, splitter='best')
2021-06-13 11:39:29,201:INFO:create_model() succesfully completed......................................
2021-06-13 11:39:29,320:INFO:SubProcess create_model() end ==================================
2021-06-13 11:39:29,320:INFO:Creating metrics dataframe
2021-06-13 11:39:29,339:INFO:Initializing Random Forest Regressor
2021-06-13 11:39:29,340:INFO:Total runtime is 0.6003529508908589 minutes
2021-06-13 11:39:29,349:INFO:SubProcess create_model() called ==================================
2021-06-13 11:39:29,349:INFO:Initializing create_model()
2021-06-13 11:39:29,349:INFO:create_model(estimator=rf, fold=KFold(n_splits=10, random_state=None, shuffle=False), round=4, cross_validation=True, predict=True, fit_kwargs={}, groups=None, refit=False, verbose=False, system=False, metrics=None, display=<pycaret.internal.Display.Display object at 0x7f2f04be7610>, kwargs={})
2021-06-13 11:39:29,349:INFO:Checking exceptions
2021-06-13 11:39:29,350:INFO:Importing libraries
2021-06-13 11:39:29,350:INFO:Copying training dataset
2021-06-13 11:39:29,351:INFO:Defining folds
2021-06-13 11:39:29,351:INFO:Declaring metric variables
2021-06-13 11:39:29,362:INFO:Importing untrained model
2021-06-13 11:39:29,372:INFO:Random Forest Regressor Imported succesfully
2021-06-13 11:39:29,386:INFO:Starting cross validation
2021-06-13 11:39:29,387:INFO:Cross validating with KFold(n_splits=10, random_state=None, shuffle=False), n_jobs=-1
2021-06-13 11:39:39,195:INFO:Calculating mean and std
2021-06-13 11:39:39,196:INFO:Creating metrics dataframe
2021-06-13 11:39:39,200:INFO:Uploading results into container
2021-06-13 11:39:39,200:INFO:Uploading model into container now
2021-06-13 11:39:39,200:INFO:create_model_container: 14
2021-06-13 11:39:39,200:INFO:master_model_container: 14
2021-06-13 11:39:39,200:INFO:display_container: 2
2021-06-13 11:39:39,201:INFO:RandomForestRegressor(bootstrap=True, ccp_alpha=0.0, criterion='mse',
                      max_depth=None, max_features='auto', max_leaf_nodes=None,
                      max_samples=None, min_impurity_decrease=0.0,
                      min_impurity_split=None, min_samples_leaf=1,
                      min_samples_split=2, min_weight_fraction_leaf=0.0,
                      n_estimators=100, n_jobs=-1, oob_score=False,
                      random_state=123, verbose=0, warm_start=False)
2021-06-13 11:39:39,201:INFO:create_model() succesfully completed......................................
2021-06-13 11:39:39,324:INFO:SubProcess create_model() end ==================================
2021-06-13 11:39:39,324:INFO:Creating metrics dataframe
2021-06-13 11:39:39,346:INFO:Initializing Extra Trees Regressor
2021-06-13 11:39:39,347:INFO:Total runtime is 0.7671344876289368 minutes
2021-06-13 11:39:39,355:INFO:SubProcess create_model() called ==================================
2021-06-13 11:39:39,355:INFO:Initializing create_model()
2021-06-13 11:39:39,355:INFO:create_model(estimator=et, fold=KFold(n_splits=10, random_state=None, shuffle=False), round=4, cross_validation=True, predict=True, fit_kwargs={}, groups=None, refit=False, verbose=False, system=False, metrics=None, display=<pycaret.internal.Display.Display object at 0x7f2f04be7610>, kwargs={})
2021-06-13 11:39:39,356:INFO:Checking exceptions
2021-06-13 11:39:39,356:INFO:Importing libraries
2021-06-13 11:39:39,356:INFO:Copying training dataset
2021-06-13 11:39:39,356:INFO:Defining folds
2021-06-13 11:39:39,357:INFO:Declaring metric variables
2021-06-13 11:39:39,364:INFO:Importing untrained model
2021-06-13 11:39:39,371:INFO:Extra Trees Regressor Imported succesfully
2021-06-13 11:39:39,386:INFO:Starting cross validation
2021-06-13 11:39:39,387:INFO:Cross validating with KFold(n_splits=10, random_state=None, shuffle=False), n_jobs=-1
2021-06-13 11:39:51,177:INFO:Calculating mean and std
2021-06-13 11:39:51,179:INFO:Creating metrics dataframe
2021-06-13 11:39:51,185:INFO:Uploading results into container
2021-06-13 11:39:51,185:INFO:Uploading model into container now
2021-06-13 11:39:51,186:INFO:create_model_container: 15
2021-06-13 11:39:51,186:INFO:master_model_container: 15
2021-06-13 11:39:51,186:INFO:display_container: 2
2021-06-13 11:39:51,186:INFO:ExtraTreesRegressor(bootstrap=False, ccp_alpha=0.0, criterion='mse',
                    max_depth=None, max_features='auto', max_leaf_nodes=None,
                    max_samples=None, min_impurity_decrease=0.0,
                    min_impurity_split=None, min_samples_leaf=1,
                    min_samples_split=2, min_weight_fraction_leaf=0.0,
                    n_estimators=100, n_jobs=-1, oob_score=False,
                    random_state=123, verbose=0, warm_start=False)
2021-06-13 11:39:51,186:INFO:create_model() succesfully completed......................................
2021-06-13 11:39:51,320:INFO:SubProcess create_model() end ==================================
2021-06-13 11:39:51,320:INFO:Creating metrics dataframe
2021-06-13 11:39:51,340:INFO:Initializing AdaBoost Regressor
2021-06-13 11:39:51,340:INFO:Total runtime is 0.9670216997464498 minutes
2021-06-13 11:39:51,349:INFO:SubProcess create_model() called ==================================
2021-06-13 11:39:51,349:INFO:Initializing create_model()
2021-06-13 11:39:51,349:INFO:create_model(estimator=ada, fold=KFold(n_splits=10, random_state=None, shuffle=False), round=4, cross_validation=True, predict=True, fit_kwargs={}, groups=None, refit=False, verbose=False, system=False, metrics=None, display=<pycaret.internal.Display.Display object at 0x7f2f04be7610>, kwargs={})
2021-06-13 11:39:51,350:INFO:Checking exceptions
2021-06-13 11:39:51,350:INFO:Importing libraries
2021-06-13 11:39:51,350:INFO:Copying training dataset
2021-06-13 11:39:51,351:INFO:Defining folds
2021-06-13 11:39:51,351:INFO:Declaring metric variables
2021-06-13 11:39:51,358:INFO:Importing untrained model
2021-06-13 11:39:51,365:INFO:AdaBoost Regressor Imported succesfully
2021-06-13 11:39:51,380:INFO:Starting cross validation
2021-06-13 11:39:51,380:INFO:Cross validating with KFold(n_splits=10, random_state=None, shuffle=False), n_jobs=-1
2021-06-13 11:39:53,351:INFO:Calculating mean and std
2021-06-13 11:39:53,352:INFO:Creating metrics dataframe
2021-06-13 11:39:53,356:INFO:Uploading results into container
2021-06-13 11:39:53,357:INFO:Uploading model into container now
2021-06-13 11:39:53,357:INFO:create_model_container: 16
2021-06-13 11:39:53,357:INFO:master_model_container: 16
2021-06-13 11:39:53,357:INFO:display_container: 2
2021-06-13 11:39:53,357:INFO:AdaBoostRegressor(base_estimator=None, learning_rate=1.0, loss='linear',
                  n_estimators=50, random_state=123)
2021-06-13 11:39:53,357:INFO:create_model() succesfully completed......................................
2021-06-13 11:39:53,482:INFO:SubProcess create_model() end ==================================
2021-06-13 11:39:53,482:INFO:Creating metrics dataframe
2021-06-13 11:39:53,502:INFO:Initializing Gradient Boosting Regressor
2021-06-13 11:39:53,502:INFO:Total runtime is 1.0030583182970683 minutes
2021-06-13 11:39:53,512:INFO:SubProcess create_model() called ==================================
2021-06-13 11:39:53,513:INFO:Initializing create_model()
2021-06-13 11:39:53,513:INFO:create_model(estimator=gbr, fold=KFold(n_splits=10, random_state=None, shuffle=False), round=4, cross_validation=True, predict=True, fit_kwargs={}, groups=None, refit=False, verbose=False, system=False, metrics=None, display=<pycaret.internal.Display.Display object at 0x7f2f04be7610>, kwargs={})
2021-06-13 11:39:53,513:INFO:Checking exceptions
2021-06-13 11:39:53,513:INFO:Importing libraries
2021-06-13 11:39:53,513:INFO:Copying training dataset
2021-06-13 11:39:53,514:INFO:Defining folds
2021-06-13 11:39:53,514:INFO:Declaring metric variables
2021-06-13 11:39:53,521:INFO:Importing untrained model
2021-06-13 11:39:53,528:INFO:Gradient Boosting Regressor Imported succesfully
2021-06-13 11:39:53,542:INFO:Starting cross validation
2021-06-13 11:39:53,542:INFO:Cross validating with KFold(n_splits=10, random_state=None, shuffle=False), n_jobs=-1
2021-06-13 11:39:56,047:INFO:Calculating mean and std
2021-06-13 11:39:56,048:INFO:Creating metrics dataframe
2021-06-13 11:39:56,052:INFO:Uploading results into container
2021-06-13 11:39:56,053:INFO:Uploading model into container now
2021-06-13 11:39:56,053:INFO:create_model_container: 17
2021-06-13 11:39:56,053:INFO:master_model_container: 17
2021-06-13 11:39:56,053:INFO:display_container: 2
2021-06-13 11:39:56,053:INFO:GradientBoostingRegressor(alpha=0.9, ccp_alpha=0.0, criterion='friedman_mse',
                          init=None, learning_rate=0.1, loss='ls', max_depth=3,
                          max_features=None, max_leaf_nodes=None,
                          min_impurity_decrease=0.0, min_impurity_split=None,
                          min_samples_leaf=1, min_samples_split=2,
                          min_weight_fraction_leaf=0.0, n_estimators=100,
                          n_iter_no_change=None, presort='deprecated',
                          random_state=123, subsample=1.0, tol=0.0001,
                          validation_fraction=0.1, verbose=0, warm_start=False)
2021-06-13 11:39:56,054:INFO:create_model() succesfully completed......................................
2021-06-13 11:39:56,171:INFO:SubProcess create_model() end ==================================
2021-06-13 11:39:56,172:INFO:Creating metrics dataframe
2021-06-13 11:39:56,194:INFO:Initializing Extreme Gradient Boosting
2021-06-13 11:39:56,195:INFO:Total runtime is 1.0479357679684957 minutes
2021-06-13 11:39:56,209:INFO:SubProcess create_model() called ==================================
2021-06-13 11:39:56,210:INFO:Initializing create_model()
2021-06-13 11:39:56,210:INFO:create_model(estimator=xgboost, fold=KFold(n_splits=10, random_state=None, shuffle=False), round=4, cross_validation=True, predict=True, fit_kwargs={}, groups=None, refit=False, verbose=False, system=False, metrics=None, display=<pycaret.internal.Display.Display object at 0x7f2f04be7610>, kwargs={})
2021-06-13 11:39:56,210:INFO:Checking exceptions
2021-06-13 11:39:56,210:INFO:Importing libraries
2021-06-13 11:39:56,210:INFO:Copying training dataset
2021-06-13 11:39:56,211:INFO:Defining folds
2021-06-13 11:39:56,211:INFO:Declaring metric variables
2021-06-13 11:39:56,219:INFO:Importing untrained model
2021-06-13 11:39:56,226:INFO:Extreme Gradient Boosting Imported succesfully
2021-06-13 11:39:56,241:INFO:Starting cross validation
2021-06-13 11:39:56,241:WARNING:create_model() for xgboost raised an exception or returned all 0.0, trying without fit_kwargs:
2021-06-13 11:39:56,247:WARNING:Traceback (most recent call last):
  File "/usr/local/lib/python3.8/dist-packages/pycaret/internal/pipeline.py", line 223, in add_estimator_to_pipeline
    assert hasattr(pipeline._final_estimator, "predict")
AssertionError

During handling of the above exception, another exception occurred:

Traceback (most recent call last):
  File "/usr/local/lib/python3.8/dist-packages/pycaret/internal/tabular.py", line 2163, in compare_models
    model, model_fit_time = create_model_supervised(
  File "/usr/local/lib/python3.8/dist-packages/pycaret/internal/tabular.py", line 3107, in create_model_supervised
    with estimator_pipeline(_internal_pipeline, model) as pipeline_with_model:
  File "/usr/local/lib/python3.8/dist-packages/pycaret/internal/pipeline.py", line 205, in __enter__
    add_estimator_to_pipeline(self.pipeline, self.estimator)
  File "/usr/local/lib/python3.8/dist-packages/pycaret/internal/pipeline.py", line 228, in add_estimator_to_pipeline
    pipeline._carry_over_final_estimator_fit_vars()
  File "/usr/local/lib/python3.8/dist-packages/pycaret/internal/pipeline.py", line 57, in _carry_over_final_estimator_fit_vars
    for k, v in get_all_object_vars_and_properties(
  File "/usr/local/lib/python3.8/dist-packages/pycaret/internal/utils.py", line 571, in get_all_object_vars_and_properties
    return {
  File "/usr/local/lib/python3.8/dist-packages/pycaret/internal/utils.py", line 574, in <dictcomp>
    if k[:2] != "__" and type(getattr(object, k, "")).__name__ != "method"
  File "/usr/local/lib/python3.8/dist-packages/xgboost/sklearn.py", line 687, in feature_importances_
    b = self.get_booster()
  File "/usr/local/lib/python3.8/dist-packages/xgboost/sklearn.py", line 261, in get_booster
    raise XGBoostError('need to call fit or load_model beforehand')
xgboost.core.XGBoostError: need to call fit or load_model beforehand

2021-06-13 11:39:56,248:INFO:Initializing create_model()
2021-06-13 11:39:56,248:INFO:create_model(estimator=xgboost, fold=KFold(n_splits=10, random_state=None, shuffle=False), round=4, cross_validation=True, predict=True, fit_kwargs=None, groups=None, refit=False, verbose=False, system=False, metrics=None, display=<pycaret.internal.Display.Display object at 0x7f2f04be7610>, kwargs={})
2021-06-13 11:39:56,248:INFO:Checking exceptions
2021-06-13 11:39:56,248:INFO:Importing libraries
2021-06-13 11:39:56,248:INFO:Copying training dataset
2021-06-13 11:39:56,249:INFO:Defining folds
2021-06-13 11:39:56,249:INFO:Declaring metric variables
2021-06-13 11:39:56,256:INFO:Importing untrained model
2021-06-13 11:39:56,263:INFO:Extreme Gradient Boosting Imported succesfully
2021-06-13 11:39:56,278:INFO:Starting cross validation
2021-06-13 11:39:56,279:ERROR:create_model() for xgboost raised an exception:
2021-06-13 11:39:56,280:ERROR:Traceback (most recent call last):
  File "/usr/local/lib/python3.8/dist-packages/pycaret/internal/pipeline.py", line 223, in add_estimator_to_pipeline
    assert hasattr(pipeline._final_estimator, "predict")
AssertionError

During handling of the above exception, another exception occurred:

Traceback (most recent call last):
  File "/usr/local/lib/python3.8/dist-packages/pycaret/internal/tabular.py", line 2163, in compare_models
    model, model_fit_time = create_model_supervised(
  File "/usr/local/lib/python3.8/dist-packages/pycaret/internal/tabular.py", line 3107, in create_model_supervised
    with estimator_pipeline(_internal_pipeline, model) as pipeline_with_model:
  File "/usr/local/lib/python3.8/dist-packages/pycaret/internal/pipeline.py", line 205, in __enter__
    add_estimator_to_pipeline(self.pipeline, self.estimator)
  File "/usr/local/lib/python3.8/dist-packages/pycaret/internal/pipeline.py", line 228, in add_estimator_to_pipeline
    pipeline._carry_over_final_estimator_fit_vars()
  File "/usr/local/lib/python3.8/dist-packages/pycaret/internal/pipeline.py", line 57, in _carry_over_final_estimator_fit_vars
    for k, v in get_all_object_vars_and_properties(
  File "/usr/local/lib/python3.8/dist-packages/pycaret/internal/utils.py", line 571, in get_all_object_vars_and_properties
    return {
  File "/usr/local/lib/python3.8/dist-packages/pycaret/internal/utils.py", line 574, in <dictcomp>
    if k[:2] != "__" and type(getattr(object, k, "")).__name__ != "method"
  File "/usr/local/lib/python3.8/dist-packages/xgboost/sklearn.py", line 687, in feature_importances_
    b = self.get_booster()
  File "/usr/local/lib/python3.8/dist-packages/xgboost/sklearn.py", line 261, in get_booster
    raise XGBoostError('need to call fit or load_model beforehand')
xgboost.core.XGBoostError: need to call fit or load_model beforehand

During handling of the above exception, another exception occurred:

Traceback (most recent call last):
  File "/usr/local/lib/python3.8/dist-packages/pycaret/internal/pipeline.py", line 223, in add_estimator_to_pipeline
    assert hasattr(pipeline._final_estimator, "predict")
AssertionError

During handling of the above exception, another exception occurred:

Traceback (most recent call last):
  File "/usr/local/lib/python3.8/dist-packages/pycaret/internal/tabular.py", line 2183, in compare_models
    model, model_fit_time = create_model_supervised(
  File "/usr/local/lib/python3.8/dist-packages/pycaret/internal/tabular.py", line 3107, in create_model_supervised
    with estimator_pipeline(_internal_pipeline, model) as pipeline_with_model:
  File "/usr/local/lib/python3.8/dist-packages/pycaret/internal/pipeline.py", line 205, in __enter__
    add_estimator_to_pipeline(self.pipeline, self.estimator)
  File "/usr/local/lib/python3.8/dist-packages/pycaret/internal/pipeline.py", line 228, in add_estimator_to_pipeline
    pipeline._carry_over_final_estimator_fit_vars()
  File "/usr/local/lib/python3.8/dist-packages/pycaret/internal/pipeline.py", line 57, in _carry_over_final_estimator_fit_vars
    for k, v in get_all_object_vars_and_properties(
  File "/usr/local/lib/python3.8/dist-packages/pycaret/internal/utils.py", line 571, in get_all_object_vars_and_properties
    return {
  File "/usr/local/lib/python3.8/dist-packages/pycaret/internal/utils.py", line 574, in <dictcomp>
    if k[:2] != "__" and type(getattr(object, k, "")).__name__ != "method"
  File "/usr/local/lib/python3.8/dist-packages/xgboost/sklearn.py", line 687, in feature_importances_
    b = self.get_booster()
  File "/usr/local/lib/python3.8/dist-packages/xgboost/sklearn.py", line 261, in get_booster
    raise XGBoostError('need to call fit or load_model beforehand')
xgboost.core.XGBoostError: need to call fit or load_model beforehand

2021-06-13 11:39:56,280:INFO:Initializing Light Gradient Boosting Machine
2021-06-13 11:39:56,280:INFO:Total runtime is 1.0493628064791363 minutes
2021-06-13 11:39:56,314:INFO:SubProcess create_model() called ==================================
2021-06-13 11:39:56,315:INFO:Initializing create_model()
2021-06-13 11:39:56,315:INFO:create_model(estimator=lightgbm, fold=KFold(n_splits=10, random_state=None, shuffle=False), round=4, cross_validation=True, predict=True, fit_kwargs={}, groups=None, refit=False, verbose=False, system=False, metrics=None, display=<pycaret.internal.Display.Display object at 0x7f2f04be7610>, kwargs={})
2021-06-13 11:39:56,315:INFO:Checking exceptions
2021-06-13 11:39:56,315:INFO:Importing libraries
2021-06-13 11:39:56,315:INFO:Copying training dataset
2021-06-13 11:39:56,316:INFO:Defining folds
2021-06-13 11:39:56,316:INFO:Declaring metric variables
2021-06-13 11:39:56,324:INFO:Importing untrained model
2021-06-13 11:39:56,332:INFO:Light Gradient Boosting Machine Imported succesfully
2021-06-13 11:39:56,348:INFO:Starting cross validation
2021-06-13 11:39:56,349:INFO:Cross validating with KFold(n_splits=10, random_state=None, shuffle=False), n_jobs=-1
2021-06-13 11:39:59,534:INFO:Calculating mean and std
2021-06-13 11:39:59,534:INFO:Creating metrics dataframe
2021-06-13 11:39:59,611:INFO:Uploading results into container
2021-06-13 11:39:59,611:INFO:Uploading model into container now
2021-06-13 11:39:59,611:INFO:create_model_container: 18
2021-06-13 11:39:59,611:INFO:master_model_container: 18
2021-06-13 11:39:59,611:INFO:display_container: 2
2021-06-13 11:39:59,612:INFO:LGBMRegressor(boosting_type='gbdt', class_weight=None, colsample_bytree=1.0,
              importance_type='split', learning_rate=0.1, max_depth=-1,
              min_child_samples=20, min_child_weight=0.001, min_split_gain=0.0,
              n_estimators=100, n_jobs=-1, num_leaves=31, objective=None,
              random_state=123, reg_alpha=0.0, reg_lambda=0.0, silent=True,
              subsample=1.0, subsample_for_bin=200000, subsample_freq=0)
2021-06-13 11:39:59,612:INFO:create_model() succesfully completed......................................
2021-06-13 11:39:59,743:INFO:SubProcess create_model() end ==================================
2021-06-13 11:39:59,744:INFO:Creating metrics dataframe
2021-06-13 11:39:59,765:INFO:Initializing CatBoost Regressor
2021-06-13 11:39:59,765:INFO:Total runtime is 1.107449773947398 minutes
2021-06-13 11:39:59,773:INFO:SubProcess create_model() called ==================================
2021-06-13 11:39:59,774:INFO:Initializing create_model()
2021-06-13 11:39:59,774:INFO:create_model(estimator=catboost, fold=KFold(n_splits=10, random_state=None, shuffle=False), round=4, cross_validation=True, predict=True, fit_kwargs={}, groups=None, refit=False, verbose=False, system=False, metrics=None, display=<pycaret.internal.Display.Display object at 0x7f2f04be7610>, kwargs={})
2021-06-13 11:39:59,774:INFO:Checking exceptions
2021-06-13 11:39:59,774:INFO:Importing libraries
2021-06-13 11:39:59,774:INFO:Copying training dataset
2021-06-13 11:39:59,775:INFO:Defining folds
2021-06-13 11:39:59,775:INFO:Declaring metric variables
2021-06-13 11:39:59,781:INFO:Importing untrained model
2021-06-13 11:39:59,792:INFO:CatBoost Regressor Imported succesfully
2021-06-13 11:39:59,817:INFO:Starting cross validation
2021-06-13 11:39:59,819:INFO:Cross validating with KFold(n_splits=10, random_state=None, shuffle=False), n_jobs=-1
2021-06-13 11:40:47,096:INFO:Calculating mean and std
2021-06-13 11:40:47,096:INFO:Creating metrics dataframe
2021-06-13 11:40:47,100:INFO:Uploading results into container
2021-06-13 11:40:47,100:INFO:Uploading model into container now
2021-06-13 11:40:47,100:INFO:create_model_container: 19
2021-06-13 11:40:47,100:INFO:master_model_container: 19
2021-06-13 11:40:47,100:INFO:display_container: 2
2021-06-13 11:40:47,100:INFO:<catboost.core.CatBoostRegressor object at 0x7f2eb7120940>
2021-06-13 11:40:47,100:INFO:create_model() succesfully completed......................................
2021-06-13 11:40:47,224:INFO:SubProcess create_model() end ==================================
2021-06-13 11:40:47,225:INFO:Creating metrics dataframe
2021-06-13 11:40:47,265:INFO:Initializing create_model()
2021-06-13 11:40:47,265:INFO:create_model(estimator=<catboost.core.CatBoostRegressor object at 0x7f2eb7120940>, fold=KFold(n_splits=10, random_state=None, shuffle=False), round=4, cross_validation=False, predict=False, fit_kwargs={}, groups=None, refit=True, verbose=False, system=False, metrics=None, display=None, kwargs={})
2021-06-13 11:40:47,265:INFO:Checking exceptions
2021-06-13 11:40:47,265:INFO:Importing libraries
2021-06-13 11:40:47,265:INFO:Copying training dataset
2021-06-13 11:40:47,266:INFO:Defining folds
2021-06-13 11:40:47,266:INFO:Declaring metric variables
2021-06-13 11:40:47,266:INFO:Importing untrained model
2021-06-13 11:40:47,266:INFO:Declaring custom model
2021-06-13 11:40:47,266:INFO:CatBoost Regressor Imported succesfully
2021-06-13 11:40:47,266:INFO:Cross validation set to False
2021-06-13 11:40:47,266:INFO:Fitting Model
2021-06-13 11:40:51,825:INFO:<catboost.core.CatBoostRegressor object at 0x7f2eb7120820>
2021-06-13 11:40:51,825:INFO:create_models() succesfully completed......................................
2021-06-13 11:40:52,004:INFO:create_model_container: 19
2021-06-13 11:40:52,008:INFO:master_model_container: 19
2021-06-13 11:40:52,008:INFO:display_container: 2
2021-06-13 11:40:52,008:INFO:<catboost.core.CatBoostRegressor object at 0x7f2eb7120820>
2021-06-13 11:40:52,008:INFO:compare_models() succesfully completed......................................
2021-06-13 11:47:19,779:INFO:PyCaret Supervised Module
2021-06-13 11:47:19,779:INFO:ML Usecase: regression
2021-06-13 11:47:19,779:INFO:version 2.3.0
2021-06-13 11:47:19,779:INFO:Initializing setup()
2021-06-13 11:47:19,779:INFO:setup(target=Price, ml_usecase=regression, available_plots={'parameter': 'Hyperparameters', 'residuals': 'Residuals', 'error': 'Prediction Error', 'cooks': 'Cooks Distance', 'rfe': 'Feature Selection', 'learning': 'Learning Curve', 'manifold': 'Manifold Learning', 'vc': 'Validation Curve', 'feature': 'Feature Importance', 'feature_all': 'Feature Importance (All)', 'tree': 'Decision Tree', 'residuals_interactive': 'Interactive Residuals'}, train_size=0.7, test_data=None, preprocess=True, imputation_type=simple, iterative_imputation_iters=5, categorical_features=None, categorical_imputation=constant, categorical_iterative_imputer=lightgbm, ordinal_features=None, high_cardinality_features=None, high_cardinality_method=frequency, numeric_features=None, numeric_imputation=mean, numeric_iterative_imputer=lightgbm, date_features=None, ignore_features=None, normalize=False, normalize_method=zscore, transformation=False, transformation_method=yeo-johnson, handle_unknown_categorical=True, unknown_categorical_method=least_frequent, pca=False, pca_method=linear, pca_components=None, ignore_low_variance=False, combine_rare_levels=False, rare_level_threshold=0.1, bin_numeric_features=None, remove_outliers=False, outliers_threshold=0.05, remove_multicollinearity=False, multicollinearity_threshold=0.9, remove_perfect_collinearity=True, create_clusters=False, cluster_iter=20, polynomial_features=False, polynomial_degree=2, trigonometry_features=False, polynomial_threshold=0.1, group_features=None, group_names=None, feature_selection=False, feature_selection_threshold=0.8, feature_selection_method=classic, feature_interaction=False, feature_ratio=False, interaction_threshold=0.01, fix_imbalance=False, fix_imbalance_method=None, transform_target=False, transform_target_method=box-cox, data_split_shuffle=True, data_split_stratify=False, fold_strategy=kfold, fold=10, fold_shuffle=False, fold_groups=None, n_jobs=-1, use_gpu=False, custom_pipeline=None, html=True, session_id=None, log_experiment=False, experiment_name=None, log_plots=False, log_profile=False, log_data=False, silent=False, verbose=True, profile=False, profile_kwargs=None, display=None)
2021-06-13 11:47:19,780:INFO:Checking environment
2021-06-13 11:47:19,780:INFO:python_version: 3.8.5
2021-06-13 11:47:19,780:INFO:python_build: ('default', 'Jan 27 2021 15:41:15')
2021-06-13 11:47:19,780:INFO:machine: x86_64
2021-06-13 11:47:19,780:INFO:platform: Linux-5.4.0-1042-gcp-x86_64-with-glibc2.29
2021-06-13 11:47:19,780:INFO:Memory: svmem(total=33677025280, available=27725074432, percent=17.7, used=4047552512, free=21749735424, active=4943306752, inactive=4674297856, buffers=181575680, cached=7698161664, shared=2416640, slab=1039421440)
2021-06-13 11:47:19,781:INFO:Physical Core: 2
2021-06-13 11:47:19,781:INFO:Logical Core: 4
2021-06-13 11:47:19,781:INFO:Checking libraries
2021-06-13 11:47:19,781:INFO:pd==1.2.4
2021-06-13 11:47:19,781:INFO:numpy==1.20.3
2021-06-13 11:47:19,781:INFO:sklearn==0.23.2
2021-06-13 11:47:19,781:INFO:lightgbm==3.0.0
2021-06-13 11:47:19,782:INFO:catboost==0.24.2
2021-06-13 11:47:19,782:INFO:xgboost==1.1.1
2021-06-13 11:47:19,782:INFO:mlflow==1.11.0
2021-06-13 11:47:19,782:INFO:Checking Exceptions
2021-06-13 11:47:19,782:INFO:Declaring global variables
2021-06-13 11:47:19,782:INFO:USI: 37ac
2021-06-13 11:47:19,782:INFO:pycaret_globals: {'_gpu_n_jobs_param', 'prep_pipe', 'data_before_preprocess', 'logging_param', 'display_container', 'fold_generator', 'target_param', 'transform_target_param', 'master_model_container', 'transform_target_method_param', 'y_test', 'exp_name_log', '_available_plots', 'fix_imbalance_method_param', 'fold_groups_param', 'y', '_all_models_internal', 'fold_shuffle_param', 'experiment__', 'USI', 'seed', 'n_jobs_param', 'pycaret_globals', 'stratify_param', '_internal_pipeline', 'create_model_container', '_all_models', 'iterative_imputation_iters_param', 'fix_imbalance_param', 'gpu_param', 'html_param', 'X_train', '_ml_usecase', 'log_plots_param', 'X_test', 'imputation_classifier', '_all_metrics', 'X', 'fold_param', 'y_train', 'imputation_regressor'}
2021-06-13 11:47:19,782:INFO:Preparing display monitor
2021-06-13 11:47:19,782:INFO:Preparing display monitor
2021-06-13 11:47:19,798:INFO:Importing libraries
2021-06-13 11:47:19,798:INFO:Copying data for preprocessing
2021-06-13 11:47:19,807:INFO:Declaring preprocessing parameters
2021-06-13 11:47:19,809:INFO:Creating preprocessing pipeline
2021-06-13 11:47:19,824:INFO:Preprocessing pipeline created successfully
2021-06-13 11:47:19,824:ERROR:(Process Exit): setup has been interupted with user command 'quit'. setup must rerun.
2021-06-13 11:47:19,825:INFO:Creating global containers
2021-06-13 11:47:19,825:INFO:Internal pipeline: Pipeline(memory=None, steps=[('empty_step', 'passthrough')], verbose=False)
2021-06-13 11:48:03,626:INFO:Creating grid variables
2021-06-13 11:48:03,643:INFO:create_model_container: 0
2021-06-13 11:48:03,643:INFO:master_model_container: 0
2021-06-13 11:48:03,644:INFO:display_container: 1
2021-06-13 11:48:03,649:INFO:Pipeline(memory=None,
         steps=[('dtypes',
                 DataTypes_Auto_infer(categorical_features=[],
                                      display_types=True, features_todrop=[],
                                      id_columns=[], ml_usecase='regression',
                                      numerical_features=[], target='Price',
                                      time_features=[])),
                ('imputer',
                 Simple_Imputer(categorical_strategy='not_available',
                                fill_value_categorical=None,
                                fill_value_numerical=None,
                                numeric_strategy='...
                ('scaling', 'passthrough'), ('P_transform', 'passthrough'),
                ('binn', 'passthrough'), ('rem_outliers', 'passthrough'),
                ('cluster_all', 'passthrough'),
                ('dummy', Dummify(target='Price')),
                ('fix_perfect', Remove_100(target='Price')),
                ('clean_names', Clean_Colum_Names()),
                ('feature_select', 'passthrough'), ('fix_multi', 'passthrough'),
                ('dfs', 'passthrough'), ('pca', 'passthrough')],
         verbose=False)
2021-06-13 11:48:03,650:INFO:setup() succesfully completed......................................
2021-06-13 11:50:26,900:INFO:Initializing create_model()
2021-06-13 11:50:26,900:INFO:create_model(estimator=huber, fold=None, round=4, cross_validation=True, predict=True, fit_kwargs=None, groups=None, refit=True, verbose=True, system=True, metrics=None, display=None, kwargs={})
2021-06-13 11:50:26,901:INFO:Checking exceptions
2021-06-13 11:50:26,901:INFO:Preparing display monitor
2021-06-13 11:50:26,937:INFO:Importing libraries
2021-06-13 11:50:26,938:INFO:Copying training dataset
2021-06-13 11:50:27,008:INFO:Defining folds
2021-06-13 11:50:27,009:INFO:Declaring metric variables
2021-06-13 11:50:27,020:INFO:Importing untrained model
2021-06-13 11:50:27,029:INFO:Huber Regressor Imported succesfully
2021-06-13 11:50:27,120:INFO:Starting cross validation
2021-06-13 11:50:27,121:INFO:Cross validating with KFold(n_splits=10, random_state=None, shuffle=False), n_jobs=-1
2021-06-13 11:50:37,711:INFO:Calculating mean and std
2021-06-13 11:50:37,713:INFO:Creating metrics dataframe
2021-06-13 11:50:37,813:INFO:Finalizing model
2021-06-13 11:51:33,777:INFO:PyCaret Supervised Module
2021-06-13 11:51:33,778:INFO:ML Usecase: regression
2021-06-13 11:51:33,778:INFO:version 2.3.0
2021-06-13 11:51:33,778:INFO:Initializing setup()
2021-06-13 11:51:33,778:INFO:setup(target=medv, ml_usecase=regression, available_plots={'parameter': 'Hyperparameters', 'residuals': 'Residuals', 'error': 'Prediction Error', 'cooks': 'Cooks Distance', 'rfe': 'Feature Selection', 'learning': 'Learning Curve', 'manifold': 'Manifold Learning', 'vc': 'Validation Curve', 'feature': 'Feature Importance', 'feature_all': 'Feature Importance (All)', 'tree': 'Decision Tree', 'residuals_interactive': 'Interactive Residuals'}, train_size=0.7, test_data=None, preprocess=True, imputation_type=simple, iterative_imputation_iters=5, categorical_features=None, categorical_imputation=constant, categorical_iterative_imputer=lightgbm, ordinal_features=None, high_cardinality_features=None, high_cardinality_method=frequency, numeric_features=None, numeric_imputation=mean, numeric_iterative_imputer=lightgbm, date_features=None, ignore_features=None, normalize=False, normalize_method=zscore, transformation=False, transformation_method=yeo-johnson, handle_unknown_categorical=True, unknown_categorical_method=least_frequent, pca=False, pca_method=linear, pca_components=None, ignore_low_variance=False, combine_rare_levels=False, rare_level_threshold=0.1, bin_numeric_features=None, remove_outliers=False, outliers_threshold=0.05, remove_multicollinearity=False, multicollinearity_threshold=0.9, remove_perfect_collinearity=True, create_clusters=False, cluster_iter=20, polynomial_features=False, polynomial_degree=2, trigonometry_features=False, polynomial_threshold=0.1, group_features=None, group_names=None, feature_selection=False, feature_selection_threshold=0.8, feature_selection_method=classic, feature_interaction=False, feature_ratio=False, interaction_threshold=0.01, fix_imbalance=False, fix_imbalance_method=None, transform_target=False, transform_target_method=box-cox, data_split_shuffle=True, data_split_stratify=False, fold_strategy=kfold, fold=10, fold_shuffle=False, fold_groups=None, n_jobs=-1, use_gpu=False, custom_pipeline=None, html=True, session_id=None, log_experiment=False, experiment_name=None, log_plots=False, log_profile=False, log_data=False, silent=False, verbose=True, profile=False, profile_kwargs=None, display=None)
2021-06-13 11:51:33,778:INFO:Checking environment
2021-06-13 11:51:33,778:INFO:python_version: 3.8.5
2021-06-13 11:51:33,778:INFO:python_build: ('default', 'Jan 27 2021 15:41:15')
2021-06-13 11:51:33,778:INFO:machine: x86_64
2021-06-13 11:51:33,778:INFO:platform: Linux-5.4.0-1042-gcp-x86_64-with-glibc2.29
2021-06-13 11:51:33,778:INFO:Memory: svmem(total=33677025280, available=27702034432, percent=17.7, used=4068577280, free=21705965568, active=4966567936, inactive=4692766720, buffers=181805056, cached=7720677376, shared=2404352, slab=1044127744)
2021-06-13 11:51:33,779:INFO:Physical Core: 2
2021-06-13 11:51:33,779:INFO:Logical Core: 4
2021-06-13 11:51:33,779:INFO:Checking libraries
2021-06-13 11:51:33,779:INFO:pd==1.2.4
2021-06-13 11:51:33,779:INFO:numpy==1.20.3
2021-06-13 11:51:33,779:INFO:sklearn==0.23.2
2021-06-13 11:51:33,779:INFO:lightgbm==3.0.0
2021-06-13 11:51:33,779:INFO:catboost==0.24.2
2021-06-13 11:51:33,779:INFO:xgboost==1.1.1
2021-06-13 11:51:33,779:INFO:mlflow==1.11.0
2021-06-13 11:51:33,779:INFO:Checking Exceptions
2021-06-13 11:51:33,779:INFO:Declaring global variables
2021-06-13 11:51:33,780:INFO:USI: 460a
2021-06-13 11:51:33,780:INFO:pycaret_globals: {'_gpu_n_jobs_param', 'prep_pipe', 'data_before_preprocess', 'logging_param', 'display_container', 'fold_generator', 'target_param', 'transform_target_param', 'master_model_container', 'transform_target_method_param', 'y_test', 'exp_name_log', '_available_plots', 'fix_imbalance_method_param', 'fold_groups_param', 'y', '_all_models_internal', 'fold_shuffle_param', 'experiment__', 'USI', 'seed', 'n_jobs_param', 'pycaret_globals', 'stratify_param', '_internal_pipeline', 'create_model_container', '_all_models', 'iterative_imputation_iters_param', 'fix_imbalance_param', 'gpu_param', 'html_param', 'X_train', '_ml_usecase', 'log_plots_param', 'X_test', 'imputation_classifier', '_all_metrics', 'X', 'fold_param', 'y_train', 'imputation_regressor'}
2021-06-13 11:51:33,780:INFO:Preparing display monitor
2021-06-13 11:51:33,780:INFO:Preparing display monitor
2021-06-13 11:51:33,792:INFO:Importing libraries
2021-06-13 11:51:33,792:INFO:Copying data for preprocessing
2021-06-13 11:51:33,799:INFO:Declaring preprocessing parameters
2021-06-13 11:51:33,800:INFO:Creating preprocessing pipeline
2021-06-13 11:51:33,810:INFO:Preprocessing pipeline created successfully
2021-06-13 11:51:33,811:ERROR:(Process Exit): setup has been interupted with user command 'quit'. setup must rerun.
2021-06-13 11:51:33,811:INFO:Creating global containers
2021-06-13 11:51:33,811:INFO:Internal pipeline: Pipeline(memory=None, steps=[('empty_step', 'passthrough')], verbose=False)
2021-06-13 11:51:40,318:INFO:Creating grid variables
2021-06-13 11:51:40,335:INFO:create_model_container: 0
2021-06-13 11:51:40,335:INFO:master_model_container: 0
2021-06-13 11:51:40,335:INFO:display_container: 1
2021-06-13 11:51:40,340:INFO:Pipeline(memory=None,
         steps=[('dtypes',
                 DataTypes_Auto_infer(categorical_features=[],
                                      display_types=True, features_todrop=[],
                                      id_columns=[], ml_usecase='regression',
                                      numerical_features=[], target='medv',
                                      time_features=[])),
                ('imputer',
                 Simple_Imputer(categorical_strategy='not_available',
                                fill_value_categorical=None,
                                fill_value_numerical=None,
                                numeric_strategy='m...
                ('scaling', 'passthrough'), ('P_transform', 'passthrough'),
                ('binn', 'passthrough'), ('rem_outliers', 'passthrough'),
                ('cluster_all', 'passthrough'),
                ('dummy', Dummify(target='medv')),
                ('fix_perfect', Remove_100(target='medv')),
                ('clean_names', Clean_Colum_Names()),
                ('feature_select', 'passthrough'), ('fix_multi', 'passthrough'),
                ('dfs', 'passthrough'), ('pca', 'passthrough')],
         verbose=False)
2021-06-13 11:51:40,340:INFO:setup() succesfully completed......................................
2021-06-13 11:51:40,478:INFO:Initializing create_model()
2021-06-13 11:51:40,479:INFO:create_model(estimator=dt, fold=None, round=4, cross_validation=True, predict=True, fit_kwargs=None, groups=None, refit=True, verbose=True, system=True, metrics=None, display=None, kwargs={})
2021-06-13 11:51:40,479:INFO:Checking exceptions
2021-06-13 11:51:40,479:INFO:Preparing display monitor
2021-06-13 11:51:40,512:INFO:Importing libraries
2021-06-13 11:51:40,512:INFO:Copying training dataset
2021-06-13 11:51:40,513:INFO:Defining folds
2021-06-13 11:51:40,513:INFO:Declaring metric variables
2021-06-13 11:51:40,522:INFO:Importing untrained model
2021-06-13 11:51:40,531:INFO:Decision Tree Regressor Imported succesfully
2021-06-13 11:51:40,549:INFO:Starting cross validation
2021-06-13 11:51:40,549:INFO:Cross validating with KFold(n_splits=10, random_state=None, shuffle=False), n_jobs=-1
2021-06-13 11:51:40,678:INFO:Calculating mean and std
2021-06-13 11:51:40,679:INFO:Creating metrics dataframe
2021-06-13 11:51:40,690:INFO:Finalizing model
2021-06-13 11:51:40,709:INFO:Uploading results into container
2021-06-13 11:51:40,709:INFO:Uploading model into container now
2021-06-13 11:51:40,726:INFO:create_model_container: 1
2021-06-13 11:51:40,726:INFO:master_model_container: 1
2021-06-13 11:51:40,726:INFO:display_container: 2
2021-06-13 11:51:40,727:INFO:DecisionTreeRegressor(ccp_alpha=0.0, criterion='mse', max_depth=None,
                      max_features=None, max_leaf_nodes=None,
                      min_impurity_decrease=0.0, min_impurity_split=None,
                      min_samples_leaf=1, min_samples_split=2,
                      min_weight_fraction_leaf=0.0, presort='deprecated',
                      random_state=5889, splitter='best')
2021-06-13 11:51:40,727:INFO:create_model() succesfully completed......................................
2021-06-13 11:51:40,872:INFO:Initializing tune_model()
2021-06-13 11:51:40,872:INFO:tune_model(estimator=DecisionTreeRegressor(ccp_alpha=0.0, criterion='mse', max_depth=None,
                      max_features=None, max_leaf_nodes=None,
                      min_impurity_decrease=0.0, min_impurity_split=None,
                      min_samples_leaf=1, min_samples_split=2,
                      min_weight_fraction_leaf=0.0, presort='deprecated',
                      random_state=5889, splitter='best'), fold=None, round=4, n_iter=10, custom_grid=None, optimize=R2, custom_scorer=None, search_library=scikit-learn, search_algorithm=None, early_stopping=False, early_stopping_max_iters=10, choose_better=False, fit_kwargs=None, groups=None, return_tuner=False, verbose=True, tuner_verbose=True, display=None, kwargs={})
2021-06-13 11:51:40,872:INFO:Checking exceptions
2021-06-13 11:51:40,872:INFO:Preparing display monitor
2021-06-13 11:51:40,910:INFO:Copying training dataset
2021-06-13 11:51:40,911:INFO:Checking base model
2021-06-13 11:51:40,912:INFO:Base model : Decision Tree Regressor
2021-06-13 11:51:40,921:INFO:Declaring metric variables
2021-06-13 11:51:40,929:INFO:Defining Hyperparameters
2021-06-13 11:51:41,062:INFO:Tuning with n_jobs=-1
2021-06-13 11:51:41,062:INFO:Initializing RandomizedSearchCV
2021-06-13 11:51:42,044:INFO:best_params: {'actual_estimator__min_samples_split': 9, 'actual_estimator__min_samples_leaf': 6, 'actual_estimator__min_impurity_decrease': 0.01, 'actual_estimator__max_features': 1.0, 'actual_estimator__max_depth': 7, 'actual_estimator__criterion': 'mae'}
2021-06-13 11:51:42,045:INFO:Hyperparameter search completed
2021-06-13 11:51:42,045:INFO:SubProcess create_model() called ==================================
2021-06-13 11:51:42,045:INFO:Initializing create_model()
2021-06-13 11:51:42,046:INFO:create_model(estimator=DecisionTreeRegressor(ccp_alpha=0.0, criterion='mse', max_depth=None,
                      max_features=None, max_leaf_nodes=None,
                      min_impurity_decrease=0.0, min_impurity_split=None,
                      min_samples_leaf=1, min_samples_split=2,
                      min_weight_fraction_leaf=0.0, presort='deprecated',
                      random_state=5889, splitter='best'), fold=KFold(n_splits=10, random_state=None, shuffle=False), round=4, cross_validation=True, predict=True, fit_kwargs={}, groups=None, refit=True, verbose=True, system=False, metrics=None, display=<pycaret.internal.Display.Display object at 0x7f2eb710ebe0>, kwargs={'min_samples_split': 9, 'min_samples_leaf': 6, 'min_impurity_decrease': 0.01, 'max_features': 1.0, 'max_depth': 7, 'criterion': 'mae'})
2021-06-13 11:51:42,046:INFO:Checking exceptions
2021-06-13 11:51:42,046:INFO:Importing libraries
2021-06-13 11:51:42,046:INFO:Copying training dataset
2021-06-13 11:51:42,047:INFO:Defining folds
2021-06-13 11:51:42,047:INFO:Declaring metric variables
2021-06-13 11:51:42,055:INFO:Importing untrained model
2021-06-13 11:51:42,055:INFO:Declaring custom model
2021-06-13 11:51:42,066:INFO:Decision Tree Regressor Imported succesfully
2021-06-13 11:51:42,119:INFO:Starting cross validation
2021-06-13 11:51:42,120:INFO:Cross validating with KFold(n_splits=10, random_state=None, shuffle=False), n_jobs=-1
2021-06-13 11:51:42,318:INFO:Calculating mean and std
2021-06-13 11:51:42,319:INFO:Creating metrics dataframe
2021-06-13 11:51:42,331:INFO:Finalizing model
2021-06-13 11:51:42,351:INFO:Uploading results into container
2021-06-13 11:51:42,351:INFO:Uploading model into container now
2021-06-13 11:51:42,351:INFO:create_model_container: 2
2021-06-13 11:51:42,351:INFO:master_model_container: 2
2021-06-13 11:51:42,351:INFO:display_container: 3
2021-06-13 11:51:42,351:INFO:DecisionTreeRegressor(ccp_alpha=0.0, criterion='mae', max_depth=7,
                      max_features=1.0, max_leaf_nodes=None,
                      min_impurity_decrease=0.01, min_impurity_split=None,
                      min_samples_leaf=6, min_samples_split=9,
                      min_weight_fraction_leaf=0.0, presort='deprecated',
                      random_state=5889, splitter='best')
2021-06-13 11:51:42,352:INFO:create_model() succesfully completed......................................
2021-06-13 11:51:42,522:INFO:SubProcess create_model() end ==================================
2021-06-13 11:51:42,535:INFO:create_model_container: 2
2021-06-13 11:51:42,536:INFO:master_model_container: 2
2021-06-13 11:51:42,536:INFO:display_container: 3
2021-06-13 11:51:42,536:INFO:DecisionTreeRegressor(ccp_alpha=0.0, criterion='mae', max_depth=7,
                      max_features=1.0, max_leaf_nodes=None,
                      min_impurity_decrease=0.01, min_impurity_split=None,
                      min_samples_leaf=6, min_samples_split=9,
                      min_weight_fraction_leaf=0.0, presort='deprecated',
                      random_state=5889, splitter='best')
2021-06-13 11:51:42,537:INFO:tune_model() succesfully completed......................................
2021-06-13 11:51:42,680:INFO:Initializing tune_model()
2021-06-13 11:51:42,680:INFO:tune_model(estimator=DecisionTreeRegressor(ccp_alpha=0.0, criterion='mse', max_depth=None,
                      max_features=None, max_leaf_nodes=None,
                      min_impurity_decrease=0.0, min_impurity_split=None,
                      min_samples_leaf=1, min_samples_split=2,
                      min_weight_fraction_leaf=0.0, presort='deprecated',
                      random_state=5889, splitter='best'), fold=None, round=4, n_iter=50, custom_grid=None, optimize=R2, custom_scorer=None, search_library=scikit-learn, search_algorithm=None, early_stopping=False, early_stopping_max_iters=10, choose_better=False, fit_kwargs=None, groups=None, return_tuner=False, verbose=True, tuner_verbose=True, display=None, kwargs={})
2021-06-13 11:51:42,680:INFO:Checking exceptions
2021-06-13 11:51:42,680:INFO:Preparing display monitor
2021-06-13 11:51:42,697:INFO:Copying training dataset
2021-06-13 11:51:42,698:INFO:Checking base model
2021-06-13 11:51:42,708:INFO:Base model : Decision Tree Regressor
2021-06-13 11:51:42,717:INFO:Declaring metric variables
2021-06-13 11:51:42,724:INFO:Defining Hyperparameters
2021-06-13 11:51:42,865:INFO:Tuning with n_jobs=-1
2021-06-13 11:51:42,865:INFO:Initializing RandomizedSearchCV
2021-06-13 11:51:46,236:INFO:best_params: {'actual_estimator__min_samples_split': 9, 'actual_estimator__min_samples_leaf': 6, 'actual_estimator__min_impurity_decrease': 0.01, 'actual_estimator__max_features': 1.0, 'actual_estimator__max_depth': 7, 'actual_estimator__criterion': 'mae'}
2021-06-13 11:51:46,237:INFO:Hyperparameter search completed
2021-06-13 11:51:46,237:INFO:SubProcess create_model() called ==================================
2021-06-13 11:51:46,237:INFO:Initializing create_model()
2021-06-13 11:51:46,238:INFO:create_model(estimator=DecisionTreeRegressor(ccp_alpha=0.0, criterion='mse', max_depth=None,
                      max_features=None, max_leaf_nodes=None,
                      min_impurity_decrease=0.0, min_impurity_split=None,
                      min_samples_leaf=1, min_samples_split=2,
                      min_weight_fraction_leaf=0.0, presort='deprecated',
                      random_state=5889, splitter='best'), fold=KFold(n_splits=10, random_state=None, shuffle=False), round=4, cross_validation=True, predict=True, fit_kwargs={}, groups=None, refit=True, verbose=True, system=False, metrics=None, display=<pycaret.internal.Display.Display object at 0x7f2eb50b5c70>, kwargs={'min_samples_split': 9, 'min_samples_leaf': 6, 'min_impurity_decrease': 0.01, 'max_features': 1.0, 'max_depth': 7, 'criterion': 'mae'})
2021-06-13 11:51:46,238:INFO:Checking exceptions
2021-06-13 11:51:46,238:INFO:Importing libraries
2021-06-13 11:51:46,238:INFO:Copying training dataset
2021-06-13 11:51:46,239:INFO:Defining folds
2021-06-13 11:51:46,239:INFO:Declaring metric variables
2021-06-13 11:51:46,248:INFO:Importing untrained model
2021-06-13 11:51:46,249:INFO:Declaring custom model
2021-06-13 11:51:46,258:INFO:Decision Tree Regressor Imported succesfully
2021-06-13 11:51:46,415:INFO:Starting cross validation
2021-06-13 11:51:46,418:INFO:Cross validating with KFold(n_splits=10, random_state=None, shuffle=False), n_jobs=-1
2021-06-13 11:51:46,633:INFO:Calculating mean and std
2021-06-13 11:51:46,634:INFO:Creating metrics dataframe
2021-06-13 11:51:46,649:INFO:Finalizing model
2021-06-13 11:51:46,670:INFO:Uploading results into container
2021-06-13 11:51:46,670:INFO:Uploading model into container now
2021-06-13 11:51:46,670:INFO:create_model_container: 3
2021-06-13 11:51:46,670:INFO:master_model_container: 3
2021-06-13 11:51:46,670:INFO:display_container: 4
2021-06-13 11:51:46,671:INFO:DecisionTreeRegressor(ccp_alpha=0.0, criterion='mae', max_depth=7,
                      max_features=1.0, max_leaf_nodes=None,
                      min_impurity_decrease=0.01, min_impurity_split=None,
                      min_samples_leaf=6, min_samples_split=9,
                      min_weight_fraction_leaf=0.0, presort='deprecated',
                      random_state=5889, splitter='best')
2021-06-13 11:51:46,671:INFO:create_model() succesfully completed......................................
2021-06-13 11:51:46,812:INFO:SubProcess create_model() end ==================================
2021-06-13 11:51:46,825:INFO:create_model_container: 3
2021-06-13 11:51:46,826:INFO:master_model_container: 3
2021-06-13 11:51:46,826:INFO:display_container: 4
2021-06-13 11:51:46,826:INFO:DecisionTreeRegressor(ccp_alpha=0.0, criterion='mae', max_depth=7,
                      max_features=1.0, max_leaf_nodes=None,
                      min_impurity_decrease=0.01, min_impurity_split=None,
                      min_samples_leaf=6, min_samples_split=9,
                      min_weight_fraction_leaf=0.0, presort='deprecated',
                      random_state=5889, splitter='best')
2021-06-13 11:51:46,826:INFO:tune_model() succesfully completed......................................
2021-06-13 11:51:46,954:INFO:Initializing tune_model()
2021-06-13 11:51:46,954:INFO:tune_model(estimator=DecisionTreeRegressor(ccp_alpha=0.0, criterion='mse', max_depth=None,
                      max_features=None, max_leaf_nodes=None,
                      min_impurity_decrease=0.0, min_impurity_split=None,
                      min_samples_leaf=1, min_samples_split=2,
                      min_weight_fraction_leaf=0.0, presort='deprecated',
                      random_state=5889, splitter='best'), fold=None, round=4, n_iter=10, custom_grid=None, optimize=MAE, custom_scorer=None, search_library=scikit-learn, search_algorithm=None, early_stopping=False, early_stopping_max_iters=10, choose_better=False, fit_kwargs=None, groups=None, return_tuner=False, verbose=True, tuner_verbose=True, display=None, kwargs={})
2021-06-13 11:51:46,954:INFO:Checking exceptions
2021-06-13 11:51:46,955:INFO:Preparing display monitor
2021-06-13 11:51:46,971:INFO:Copying training dataset
2021-06-13 11:51:46,972:INFO:Checking base model
2021-06-13 11:51:46,973:INFO:Base model : Decision Tree Regressor
2021-06-13 11:51:46,982:INFO:Declaring metric variables
2021-06-13 11:51:47,015:INFO:Defining Hyperparameters
2021-06-13 11:51:47,147:INFO:Tuning with n_jobs=-1
2021-06-13 11:51:47,147:INFO:Initializing RandomizedSearchCV
2021-06-13 11:51:47,973:INFO:best_params: {'actual_estimator__min_samples_split': 9, 'actual_estimator__min_samples_leaf': 3, 'actual_estimator__min_impurity_decrease': 0.02, 'actual_estimator__max_features': 1.0, 'actual_estimator__max_depth': 6, 'actual_estimator__criterion': 'friedman_mse'}
2021-06-13 11:51:47,974:INFO:Hyperparameter search completed
2021-06-13 11:51:47,975:INFO:SubProcess create_model() called ==================================
2021-06-13 11:51:47,975:INFO:Initializing create_model()
2021-06-13 11:51:47,975:INFO:create_model(estimator=DecisionTreeRegressor(ccp_alpha=0.0, criterion='mse', max_depth=None,
                      max_features=None, max_leaf_nodes=None,
                      min_impurity_decrease=0.0, min_impurity_split=None,
                      min_samples_leaf=1, min_samples_split=2,
                      min_weight_fraction_leaf=0.0, presort='deprecated',
                      random_state=5889, splitter='best'), fold=KFold(n_splits=10, random_state=None, shuffle=False), round=4, cross_validation=True, predict=True, fit_kwargs={}, groups=None, refit=True, verbose=True, system=False, metrics=None, display=<pycaret.internal.Display.Display object at 0x7f2efe1c3100>, kwargs={'min_samples_split': 9, 'min_samples_leaf': 3, 'min_impurity_decrease': 0.02, 'max_features': 1.0, 'max_depth': 6, 'criterion': 'friedman_mse'})
2021-06-13 11:51:47,975:INFO:Checking exceptions
2021-06-13 11:51:47,975:INFO:Importing libraries
2021-06-13 11:51:47,975:INFO:Copying training dataset
2021-06-13 11:51:47,976:INFO:Defining folds
2021-06-13 11:51:47,976:INFO:Declaring metric variables
2021-06-13 11:51:47,985:INFO:Importing untrained model
2021-06-13 11:51:47,985:INFO:Declaring custom model
2021-06-13 11:51:48,011:INFO:Decision Tree Regressor Imported succesfully
2021-06-13 11:51:48,030:INFO:Starting cross validation
2021-06-13 11:51:48,031:INFO:Cross validating with KFold(n_splits=10, random_state=None, shuffle=False), n_jobs=-1
2021-06-13 11:51:48,144:INFO:Calculating mean and std
2021-06-13 11:51:48,145:INFO:Creating metrics dataframe
2021-06-13 11:51:48,158:INFO:Finalizing model
2021-06-13 11:51:48,165:INFO:Uploading results into container
2021-06-13 11:51:48,165:INFO:Uploading model into container now
2021-06-13 11:51:48,165:INFO:create_model_container: 4
2021-06-13 11:51:48,165:INFO:master_model_container: 4
2021-06-13 11:51:48,165:INFO:display_container: 5
2021-06-13 11:51:48,166:INFO:DecisionTreeRegressor(ccp_alpha=0.0, criterion='friedman_mse', max_depth=6,
                      max_features=1.0, max_leaf_nodes=None,
                      min_impurity_decrease=0.02, min_impurity_split=None,
                      min_samples_leaf=3, min_samples_split=9,
                      min_weight_fraction_leaf=0.0, presort='deprecated',
                      random_state=5889, splitter='best')
2021-06-13 11:51:48,166:INFO:create_model() succesfully completed......................................
2021-06-13 11:51:48,308:INFO:SubProcess create_model() end ==================================
2021-06-13 11:51:48,322:INFO:create_model_container: 4
2021-06-13 11:51:48,322:INFO:master_model_container: 4
2021-06-13 11:51:48,322:INFO:display_container: 5
2021-06-13 11:51:48,323:INFO:DecisionTreeRegressor(ccp_alpha=0.0, criterion='friedman_mse', max_depth=6,
                      max_features=1.0, max_leaf_nodes=None,
                      min_impurity_decrease=0.02, min_impurity_split=None,
                      min_samples_leaf=3, min_samples_split=9,
                      min_weight_fraction_leaf=0.0, presort='deprecated',
                      random_state=5889, splitter='best')
2021-06-13 11:51:48,323:INFO:tune_model() succesfully completed......................................
2021-06-13 11:51:48,442:INFO:Initializing tune_model()
2021-06-13 11:51:48,443:INFO:tune_model(estimator=DecisionTreeRegressor(ccp_alpha=0.0, criterion='mse', max_depth=None,
                      max_features=None, max_leaf_nodes=None,
                      min_impurity_decrease=0.0, min_impurity_split=None,
                      min_samples_leaf=1, min_samples_split=2,
                      min_weight_fraction_leaf=0.0, presort='deprecated',
                      random_state=5889, splitter='best'), fold=None, round=4, n_iter=10, custom_grid={'max_depth': array([2, 4, 3, 1, 4, 1, 5, 1, 5, 3, 1, 2, 2, 5, 5, 4, 3, 5, 3, 2]), 'max_features': array([4, 7, 3, 5, 3, 7, 5, 2, 4, 7, 2, 2, 1, 4, 4, 5, 2, 7, 1, 4]), 'min_samples_leaf': [2, 3, 4, 5, 6], 'criterion': ['gini', 'entropy']}, optimize=R2, custom_scorer=None, search_library=scikit-learn, search_algorithm=None, early_stopping=False, early_stopping_max_iters=10, choose_better=False, fit_kwargs=None, groups=None, return_tuner=False, verbose=True, tuner_verbose=True, display=None, kwargs={})
2021-06-13 11:51:48,443:INFO:Checking exceptions
2021-06-13 11:51:48,443:INFO:Preparing display monitor
2021-06-13 11:51:48,460:INFO:Copying training dataset
2021-06-13 11:51:48,461:INFO:Checking base model
2021-06-13 11:51:48,462:INFO:Base model : Decision Tree Regressor
2021-06-13 11:51:48,469:INFO:Declaring metric variables
2021-06-13 11:51:48,476:INFO:Defining Hyperparameters
2021-06-13 11:51:48,626:INFO:custom_grid: {'actual_estimator__max_depth': array([2, 4, 3, 1, 4, 1, 5, 1, 5, 3, 1, 2, 2, 5, 5, 4, 3, 5, 3, 2]), 'actual_estimator__max_features': array([4, 7, 3, 5, 3, 7, 5, 2, 4, 7, 2, 2, 1, 4, 4, 5, 2, 7, 1, 4]), 'actual_estimator__min_samples_leaf': [2, 3, 4, 5, 6], 'actual_estimator__criterion': ['gini', 'entropy']}
2021-06-13 11:51:48,626:INFO:Tuning with n_jobs=-1
2021-06-13 11:51:48,626:INFO:Initializing RandomizedSearchCV
2021-06-13 11:51:48,938:INFO:best_params: {'actual_estimator__min_samples_leaf': 4, 'actual_estimator__max_features': 3, 'actual_estimator__max_depth': 1, 'actual_estimator__criterion': 'gini'}
2021-06-13 11:51:48,938:INFO:Hyperparameter search completed
2021-06-13 11:51:48,939:INFO:SubProcess create_model() called ==================================
2021-06-13 11:51:48,939:INFO:Initializing create_model()
2021-06-13 11:51:48,939:INFO:create_model(estimator=DecisionTreeRegressor(ccp_alpha=0.0, criterion='mse', max_depth=None,
                      max_features=None, max_leaf_nodes=None,
                      min_impurity_decrease=0.0, min_impurity_split=None,
                      min_samples_leaf=1, min_samples_split=2,
                      min_weight_fraction_leaf=0.0, presort='deprecated',
                      random_state=5889, splitter='best'), fold=KFold(n_splits=10, random_state=None, shuffle=False), round=4, cross_validation=True, predict=True, fit_kwargs={}, groups=None, refit=True, verbose=True, system=False, metrics=None, display=<pycaret.internal.Display.Display object at 0x7f2eb1e3eee0>, kwargs={'min_samples_leaf': 4, 'max_features': 3, 'max_depth': 1, 'criterion': 'gini'})
2021-06-13 11:51:48,939:INFO:Checking exceptions
2021-06-13 11:51:48,940:INFO:Importing libraries
2021-06-13 11:51:48,940:INFO:Copying training dataset
2021-06-13 11:51:48,940:INFO:Defining folds
2021-06-13 11:51:48,941:INFO:Declaring metric variables
2021-06-13 11:51:48,950:INFO:Importing untrained model
2021-06-13 11:51:48,950:INFO:Declaring custom model
2021-06-13 11:51:48,960:INFO:Decision Tree Regressor Imported succesfully
2021-06-13 11:51:48,976:INFO:Starting cross validation
2021-06-13 11:51:48,977:INFO:Cross validating with KFold(n_splits=10, random_state=None, shuffle=False), n_jobs=-1
2021-06-13 11:51:49,036:INFO:Calculating mean and std
2021-06-13 11:51:49,037:INFO:Creating metrics dataframe
2021-06-13 11:51:49,048:INFO:Finalizing model
